[21/11/2015 02:01:33] - [WARNING] - yaml-cpp: error at line 49, column 5: key not found: pixelX
[21/11/2015 02:01:33] - [WARNING] - yaml-cpp: error at line 49, column 5: key not found: pixelY
[21/11/2015 02:01:33] - [WARNING] - yaml-cpp: error at line 51, column 5: key not found: pixelX
[21/11/2015 02:01:33] - [WARNING] - yaml-cpp: error at line 51, column 5: key not found: pixelY
[21/11/2015 02:01:33] - [WARNING] - yaml-cpp: error at line 53, column 5: key not found: pixelY
[21/11/2015 02:01:33] - [WARNING] - yaml-cpp: error at line 56, column 5: key not found: pixelX
[21/11/2015 02:01:33] - [WARNING] - yaml-cpp: error at line 56, column 5: key not found: pixelY
[21/11/2015 02:01:33] - [WARNING] - yaml-cpp: error at line 58, column 5: key not found: pixelX
[21/11/2015 02:01:33] - [WARNING] - yaml-cpp: error at line 58, column 5: key not found: pixelY
[21/11/2015 02:01:33] - [WARNING] - yaml-cpp: error at line 60, column 5: key not found: pixelX
[21/11/2015 02:01:33] - [WARNING] - yaml-cpp: error at line 60, column 5: key not found: pixelY
[21/11/2015 02:01:33] - [WARNING] - yaml-cpp: error at line 62, column 5: key not found: pixelX
[21/11/2015 02:01:33] - [WARNING] - yaml-cpp: error at line 62, column 5: key not found: pixelY
[21/11/2015 02:01:33] - [WARNING] - yaml-cpp: error at line 64, column 5: key not found: pixelX
[21/11/2015 02:01:33] - [WARNING] - yaml-cpp: error at line 64, column 5: key not found: pixelY
[21/11/2015 02:01:33] - [WARNING] - yaml-cpp: error at line 66, column 5: key not found: pixelX
[21/11/2015 02:01:33] - [WARNING] - yaml-cpp: error at line 66, column 5: key not found: pixelY
[21/11/2015 02:01:33] - [WARNING] - yaml-cpp: error at line 68, column 5: key not found: pixelX
[21/11/2015 02:01:33] - [WARNING] - yaml-cpp: error at line 68, column 5: key not found: pixelY
[21/11/2015 02:01:33] - [WARNING] - yaml-cpp: error at line 70, column 5: key not found: pixelX
[21/11/2015 02:01:33] - [WARNING] - yaml-cpp: error at line 70, column 5: key not found: pixelY
[21/11/2015 02:01:33] - [WARNING] - yaml-cpp: error at line 72, column 5: key not found: pixelX
[21/11/2015 02:01:33] - [WARNING] - yaml-cpp: error at line 72, column 5: key not found: pixelY
[21/11/2015 02:01:33] - [WARNING] - yaml-cpp: error at line 74, column 5: key not found: pixelX
[21/11/2015 02:01:33] - [WARNING] - yaml-cpp: error at line 74, column 5: key not found: pixelY
[21/11/2015 02:01:33] - [WARNING] - yaml-cpp: error at line 76, column 5: key not found: pixelX
[21/11/2015 02:01:33] - [WARNING] - yaml-cpp: error at line 76, column 5: key not found: pixelY
[21/11/2015 02:01:33] - [WARNING] - yaml-cpp: error at line 78, column 5: key not found: pixelX
[21/11/2015 02:01:33] - [WARNING] - yaml-cpp: error at line 78, column 5: key not found: pixelY
[21/11/2015 02:01:33] - [WARNING] - yaml-cpp: error at line 80, column 5: key not found: pixelX
[21/11/2015 02:01:33] - [WARNING] - yaml-cpp: error at line 80, column 5: key not found: pixelY
[21/11/2015 02:01:33] - [WARNING] - yaml-cpp: error at line 82, column 5: key not found: pixelX
[21/11/2015 02:01:33] - [WARNING] - yaml-cpp: error at line 82, column 5: key not found: pixelY
[21/11/2015 02:01:33] - [WARNING] - yaml-cpp: error at line 84, column 5: key not found: pixelX
[21/11/2015 02:01:33] - [WARNING] - yaml-cpp: error at line 84, column 5: key not found: pixelY
[21/11/2015 02:01:33] - [WARNING] - yaml-cpp: error at line 86, column 5: key not found: pixelX
[21/11/2015 02:01:33] - [WARNING] - yaml-cpp: error at line 86, column 5: key not found: pixelY
[21/11/2015 02:01:33] - [WARNING] - yaml-cpp: error at line 88, column 5: key not found: pixelX
[21/11/2015 02:01:33] - [WARNING] - yaml-cpp: error at line 88, column 5: key not found: pixelY
[21/11/2015 02:01:33] - [WARNING] - yaml-cpp: error at line 90, column 5: key not found: pixelX
[21/11/2015 02:01:33] - [WARNING] - yaml-cpp: error at line 90, column 5: key not found: pixelY
[21/11/2015 02:01:33] - [WARNING] - yaml-cpp: error at line 92, column 5: key not found: pixelX
[21/11/2015 02:01:33] - [WARNING] - yaml-cpp: error at line 92, column 5: key not found: pixelY
[21/11/2015 02:01:33] - [WARNING] - yaml-cpp: error at line 94, column 5: key not found: pixelX
[21/11/2015 02:01:33] - [WARNING] - yaml-cpp: error at line 94, column 5: key not found: pixelY
[21/11/2015 02:01:33] - [WARNING] - yaml-cpp: error at line 96, column 5: key not found: pixelX
[21/11/2015 02:01:33] - [WARNING] - yaml-cpp: error at line 96, column 5: key not found: pixelY
[21/11/2015 02:01:33] - [WARNING] - yaml-cpp: error at line 98, column 5: key not found: pixelX
[21/11/2015 02:01:33] - [WARNING] - yaml-cpp: error at line 98, column 5: key not found: pixelY
[21/11/2015 02:01:33] - [WARNING] - yaml-cpp: error at line 100, column 5: key not found: pixelX
[21/11/2015 02:01:33] - [WARNING] - yaml-cpp: error at line 100, column 5: key not found: pixelY
[21/11/2015 02:01:34] - [ALLWAYS] - ----INICIANDO----
[21/11/2015 02:01:34] - [ERROR] - SDL_image Error:  con imagenrecursos\townCenterAOEp2.png
[21/11/2015 02:01:34] - [ERROR] - Error al cargar imágen: recursos\townCenterAOEp2.png.¡Imagen inexistente!
[21/11/2015 02:01:34] - [ERROR] - SDL_image Error:  con imagenrecursos\townCenterAOEp3.png
[21/11/2015 02:01:34] - [ERROR] - Error al cargar imágen: recursos\townCenterAOEp3.png.¡Imagen inexistente!
[21/11/2015 02:01:34] - [ERROR] - SDL_image Error:  con imagenrecursos\GtownCenterAOE.png
[21/11/2015 02:01:34] - [ERROR] - Error al cargar imágen: recursos\GtownCenterAOE.png.¡Imagen inexistente!
[21/11/2015 02:01:38] - [ALLWAYS] - Conexion establecida
[21/11/2015 02:02:24] - [WARNING] - yaml-cpp: error at line 49, column 5: key not found: pixelX
[21/11/2015 02:02:24] - [WARNING] - yaml-cpp: error at line 49, column 5: key not found: pixelY
[21/11/2015 02:02:24] - [WARNING] - yaml-cpp: error at line 51, column 5: key not found: pixelX
[21/11/2015 02:02:24] - [WARNING] - yaml-cpp: error at line 51, column 5: key not found: pixelY
[21/11/2015 02:02:25] - [WARNING] - yaml-cpp: error at line 53, column 5: key not found: pixelY
[21/11/2015 02:02:25] - [WARNING] - yaml-cpp: error at line 56, column 5: key not found: pixelX
[21/11/2015 02:02:25] - [WARNING] - yaml-cpp: error at line 56, column 5: key not found: pixelY
[21/11/2015 02:02:25] - [WARNING] - yaml-cpp: error at line 58, column 5: key not found: pixelX
[21/11/2015 02:02:25] - [WARNING] - yaml-cpp: error at line 58, column 5: key not found: pixelY
[21/11/2015 02:02:25] - [WARNING] - yaml-cpp: error at line 60, column 5: key not found: pixelX
[21/11/2015 02:02:25] - [WARNING] - yaml-cpp: error at line 60, column 5: key not found: pixelY
[21/11/2015 02:02:25] - [WARNING] - yaml-cpp: error at line 62, column 5: key not found: pixelX
[21/11/2015 02:02:25] - [WARNING] - yaml-cpp: error at line 62, column 5: key not found: pixelY
[21/11/2015 02:02:25] - [WARNING] - yaml-cpp: error at line 64, column 5: key not found: pixelX
[21/11/2015 02:02:25] - [WARNING] - yaml-cpp: error at line 64, column 5: key not found: pixelY
[21/11/2015 02:02:25] - [WARNING] - yaml-cpp: error at line 66, column 5: key not found: pixelX
[21/11/2015 02:02:25] - [WARNING] - yaml-cpp: error at line 66, column 5: key not found: pixelY
[21/11/2015 02:02:25] - [WARNING] - yaml-cpp: error at line 68, column 5: key not found: pixelX
[21/11/2015 02:02:25] - [WARNING] - yaml-cpp: error at line 68, column 5: key not found: pixelY
[21/11/2015 02:02:25] - [WARNING] - yaml-cpp: error at line 70, column 5: key not found: pixelX
[21/11/2015 02:02:25] - [WARNING] - yaml-cpp: error at line 70, column 5: key not found: pixelY
[21/11/2015 02:02:25] - [WARNING] - yaml-cpp: error at line 72, column 5: key not found: pixelX
[21/11/2015 02:02:25] - [WARNING] - yaml-cpp: error at line 72, column 5: key not found: pixelY
[21/11/2015 02:02:25] - [WARNING] - yaml-cpp: error at line 74, column 5: key not found: pixelX
[21/11/2015 02:02:25] - [WARNING] - yaml-cpp: error at line 74, column 5: key not found: pixelY
[21/11/2015 02:02:25] - [WARNING] - yaml-cpp: error at line 76, column 5: key not found: pixelX
[21/11/2015 02:02:25] - [WARNING] - yaml-cpp: error at line 76, column 5: key not found: pixelY
[21/11/2015 02:02:25] - [WARNING] - yaml-cpp: error at line 78, column 5: key not found: pixelX
[21/11/2015 02:02:25] - [WARNING] - yaml-cpp: error at line 78, column 5: key not found: pixelY
[21/11/2015 02:02:26] - [WARNING] - yaml-cpp: error at line 80, column 5: key not found: pixelX
[21/11/2015 02:02:26] - [WARNING] - yaml-cpp: error at line 80, column 5: key not found: pixelY
[21/11/2015 02:02:26] - [WARNING] - yaml-cpp: error at line 82, column 5: key not found: pixelX
[21/11/2015 02:02:26] - [WARNING] - yaml-cpp: error at line 82, column 5: key not found: pixelY
[21/11/2015 02:02:26] - [WARNING] - yaml-cpp: error at line 84, column 5: key not found: pixelX
[21/11/2015 02:02:26] - [WARNING] - yaml-cpp: error at line 84, column 5: key not found: pixelY
[21/11/2015 02:02:26] - [WARNING] - yaml-cpp: error at line 86, column 5: key not found: pixelX
[21/11/2015 02:02:26] - [WARNING] - yaml-cpp: error at line 86, column 5: key not found: pixelY
[21/11/2015 02:02:26] - [WARNING] - yaml-cpp: error at line 88, column 5: key not found: pixelX
[21/11/2015 02:02:26] - [WARNING] - yaml-cpp: error at line 88, column 5: key not found: pixelY
[21/11/2015 02:02:26] - [WARNING] - yaml-cpp: error at line 90, column 5: key not found: pixelX
[21/11/2015 02:02:26] - [WARNING] - yaml-cpp: error at line 90, column 5: key not found: pixelY
[21/11/2015 02:02:26] - [WARNING] - yaml-cpp: error at line 92, column 5: key not found: pixelX
[21/11/2015 02:02:26] - [WARNING] - yaml-cpp: error at line 92, column 5: key not found: pixelY
[21/11/2015 02:02:26] - [WARNING] - yaml-cpp: error at line 94, column 5: key not found: pixelX
[21/11/2015 02:02:26] - [WARNING] - yaml-cpp: error at line 94, column 5: key not found: pixelY
[21/11/2015 02:02:26] - [WARNING] - yaml-cpp: error at line 96, column 5: key not found: pixelX
[21/11/2015 02:02:26] - [WARNING] - yaml-cpp: error at line 96, column 5: key not found: pixelY
[21/11/2015 02:02:26] - [WARNING] - yaml-cpp: error at line 98, column 5: key not found: pixelX
[21/11/2015 02:02:26] - [WARNING] - yaml-cpp: error at line 98, column 5: key not found: pixelY
[21/11/2015 02:02:26] - [WARNING] - yaml-cpp: error at line 100, column 5: key not found: pixelX
[21/11/2015 02:02:26] - [WARNING] - yaml-cpp: error at line 100, column 5: key not found: pixelY
[21/11/2015 02:02:27] - [ALLWAYS] - ----INICIANDO----
[21/11/2015 02:02:27] - [ERROR] - SDL_image Error:  con imagenrecursos\townCenterAOEp2.png
[21/11/2015 02:02:27] - [ERROR] - Error al cargar imágen: recursos\townCenterAOEp2.png.¡Imagen inexistente!
[21/11/2015 02:02:27] - [ERROR] - SDL_image Error:  con imagenrecursos\townCenterAOEp3.png
[21/11/2015 02:02:27] - [ERROR] - Error al cargar imágen: recursos\townCenterAOEp3.png.¡Imagen inexistente!
[21/11/2015 02:02:27] - [ERROR] - SDL_image Error:  con imagenrecursos\GtownCenterAOE.png
[21/11/2015 02:02:27] - [ERROR] - Error al cargar imágen: recursos\GtownCenterAOE.png.¡Imagen inexistente!
[21/11/2015 02:02:29] - [ALLWAYS] - Conexion establecida
[21/11/2015 02:02:34] - [WARNING] - Rango visión inválido en la entidad [archery]. Se utiliza valor por defecto.
[21/11/2015 02:02:34] - [WARNING] - Rango visión inválido en la entidad [barracks]. Se utiliza valor por defecto.
[21/11/2015 02:02:34] - [WARNING] - Rango visión inválido en la entidad [castle]. Se utiliza valor por defecto.
[21/11/2015 02:02:34] - [WARNING] - Rango visión inválido en la entidad [forage bush]. Se utiliza valor por defecto.
[21/11/2015 02:02:34] - [ERROR] - Error al cargar sonido: forage bush
[21/11/2015 02:02:34] - [WARNING] - Rango visión inválido en la entidad [gold mine]. Se utiliza valor por defecto.
[21/11/2015 02:02:34] - [WARNING] - Rango visión inválido en la entidad [house]. Se utiliza valor por defecto.
[21/11/2015 02:02:35] - [WARNING] - Rango visión inválido en la entidad [stable]. Se utiliza valor por defecto.
[21/11/2015 02:02:35] - [WARNING] - Rango visión inválido en la entidad [stone mine]. Se utiliza valor por defecto.
[21/11/2015 02:02:35] - [WARNING] - Rango visión inválido en la entidad [town center]. Se utiliza valor por defecto.
[21/11/2015 02:02:35] - [ERROR] - Error al cargar sonido: town center
[21/11/2015 02:02:35] - [WARNING] - Rango visión inválido en la entidad [tree]. Se utiliza valor por defecto.
[21/11/2015 02:02:35] - [WARNING] - Tipo de instancia [unknown] reservada. No se reemplazará el tipo por defecto.
[21/11/2015 02:02:35] - [ERROR] - Error al cargar sonido: unknown
[21/11/2015 02:02:35] - [WARNING] - Rango visión inválido en la entidad [windmill]. Se utiliza valor por defecto.
[21/11/2015 02:02:35] - [ERROR] - Error al cargar sonido: windmill
[21/11/2015 02:02:35] - [ERROR] - El jugador [gaia] ya existe en la partida.
