C:\TALLERDEPROGRAMACION1\PROYECTO_GRAFO_CLIENT\DEBUG\PROYECTO_GRAFO.EXE
C:\TALLERDEPROGRAMACION1\PROYECTO_GRAFO_CLIENT\DEBUG\PROYECTO_GRAFO.ILK
C:\TALLERDEPROGRAMACION1\PROYECTO_GRAFO_CLIENT\DEBUG\PROYECTO_GRAFO.PDB
C:\TALLERDEPROGRAMACION1\PROYECTO_GRAFO_CLIENT\PROYECTO_GRAFO\DEBUG\ARCHIVO.OBJ
C:\TALLERDEPROGRAMACION1\PROYECTO_GRAFO_CLIENT\PROYECTO_GRAFO\DEBUG\BIBLIOTECADEIMAGENES.OBJ
C:\TallerDeProgramacion1\Proyecto_grafo_client\Proyecto_grafo\Debug\cl.command.1.tlog
C:\TallerDeProgramacion1\Proyecto_grafo_client\Proyecto_grafo\Debug\CL.read.1.tlog
C:\TallerDeProgramacion1\Proyecto_grafo_client\Proyecto_grafo\Debug\CL.write.1.tlog
C:\TALLERDEPROGRAMACION1\PROYECTO_GRAFO_CLIENT\PROYECTO_GRAFO\DEBUG\CLIENTE.OBJ
C:\TALLERDEPROGRAMACION1\PROYECTO_GRAFO_CLIENT\PROYECTO_GRAFO\DEBUG\CONFIGPARSER.OBJ
C:\TALLERDEPROGRAMACION1\PROYECTO_GRAFO_CLIENT\PROYECTO_GRAFO\DEBUG\CONVERSORUNIDADES.OBJ
C:\TALLERDEPROGRAMACION1\PROYECTO_GRAFO_CLIENT\PROYECTO_GRAFO\DEBUG\DATOSIMAGEN.OBJ
C:\TALLERDEPROGRAMACION1\PROYECTO_GRAFO_CLIENT\PROYECTO_GRAFO\DEBUG\ENTIDAD.OBJ
C:\TALLERDEPROGRAMACION1\PROYECTO_GRAFO_CLIENT\PROYECTO_GRAFO\DEBUG\ERRORLOG.OBJ
C:\TALLERDEPROGRAMACION1\PROYECTO_GRAFO_CLIENT\PROYECTO_GRAFO\DEBUG\ESCENARIO.OBJ
C:\TALLERDEPROGRAMACION1\PROYECTO_GRAFO_CLIENT\PROYECTO_GRAFO\DEBUG\FACTORYENTIDADES.OBJ
C:\TALLERDEPROGRAMACION1\PROYECTO_GRAFO_CLIENT\PROYECTO_GRAFO\DEBUG\GRAFICADORPANTALLA.OBJ
C:\TALLERDEPROGRAMACION1\PROYECTO_GRAFO_CLIENT\PROYECTO_GRAFO\DEBUG\JUGADOR.OBJ
C:\TallerDeProgramacion1\Proyecto_grafo_client\Proyecto_grafo\Debug\link.command.1.tlog
C:\TallerDeProgramacion1\Proyecto_grafo_client\Proyecto_grafo\Debug\link.read.1.tlog
C:\TallerDeProgramacion1\Proyecto_grafo_client\Proyecto_grafo\Debug\link.read.2.tlog
C:\TallerDeProgramacion1\Proyecto_grafo_client\Proyecto_grafo\Debug\link.write.1.tlog
C:\TallerDeProgramacion1\Proyecto_grafo_client\Proyecto_grafo\Debug\link-cvtres.read.1.tlog
C:\TallerDeProgramacion1\Proyecto_grafo_client\Proyecto_grafo\Debug\link-cvtres.write.1.tlog
C:\TALLERDEPROGRAMACION1\PROYECTO_GRAFO_CLIENT\PROYECTO_GRAFO\DEBUG\MAIN.OBJ
C:\TALLERDEPROGRAMACION1\PROYECTO_GRAFO_CLIENT\PROYECTO_GRAFO\DEBUG\MATRIZ.OBJ
C:\TallerDeProgramacion1\Proyecto_grafo_client\Proyecto_grafo\Debug\mt.command.1.tlog
C:\TallerDeProgramacion1\Proyecto_grafo_client\Proyecto_grafo\Debug\mt.read.1.tlog
C:\TallerDeProgramacion1\Proyecto_grafo_client\Proyecto_grafo\Debug\mt.write.1.tlog
C:\TALLERDEPROGRAMACION1\PROYECTO_GRAFO_CLIENT\PROYECTO_GRAFO\DEBUG\PARTIDA.OBJ
C:\TALLERDEPROGRAMACION1\PROYECTO_GRAFO_CLIENT\PROYECTO_GRAFO\DEBUG\POSICION.OBJ
C:\TALLERDEPROGRAMACION1\PROYECTO_GRAFO_CLIENT\PROYECTO_GRAFO\DEBUG\PROYECTO_GRAFO.EXE.INTERMEDIATE.MANIFEST
C:\TALLERDEPROGRAMACION1\PROYECTO_GRAFO_CLIENT\PROYECTO_GRAFO\DEBUG\PROYECTO_GRAFO.RES
C:\TallerDeProgramacion1\Proyecto_grafo_client\Proyecto_grafo\Debug\rc.command.1.tlog
C:\TallerDeProgramacion1\Proyecto_grafo_client\Proyecto_grafo\Debug\rc.read.1.tlog
C:\TallerDeProgramacion1\Proyecto_grafo_client\Proyecto_grafo\Debug\rc.write.1.tlog
C:\TALLERDEPROGRAMACION1\PROYECTO_GRAFO_CLIENT\PROYECTO_GRAFO\DEBUG\RECURSO.OBJ
C:\TALLERDEPROGRAMACION1\PROYECTO_GRAFO_CLIENT\PROYECTO_GRAFO\DEBUG\SOCKETAUX.OBJ
C:\TALLERDEPROGRAMACION1\PROYECTO_GRAFO_CLIENT\PROYECTO_GRAFO\DEBUG\SPRITESHEET.OBJ
C:\TALLERDEPROGRAMACION1\PROYECTO_GRAFO_CLIENT\PROYECTO_GRAFO\DEBUG\UNIDAD.OBJ
C:\TallerDeProgramacion1\Proyecto_grafo_client\Proyecto_grafo\Debug\vc100.idb
C:\TALLERDEPROGRAMACION1\PROYECTO_GRAFO_CLIENT\PROYECTO_GRAFO\DEBUG\VC100.PDB
C:\TALLERDEPROGRAMACION1\PROYECTO_GRAFO_CLIENT\PROYECTO_GRAFO\DEBUG\VISION.OBJ
