C:\DOCUMENTS AND SETTINGS\CAMILA\ESCRITORIO\TALLER\REPOS\TALLERDEPROGRAMACION1\PROYECTO_GRAFO\DEBUG\PROYECTO_GRAFO.EXE
C:\DOCUMENTS AND SETTINGS\CAMILA\ESCRITORIO\TALLER\REPOS\TALLERDEPROGRAMACION1\PROYECTO_GRAFO\DEBUG\PROYECTO_GRAFO.ILK
C:\DOCUMENTS AND SETTINGS\CAMILA\ESCRITORIO\TALLER\REPOS\TALLERDEPROGRAMACION1\PROYECTO_GRAFO\DEBUG\PROYECTO_GRAFO.PDB
C:\DOCUMENTS AND SETTINGS\CAMILA\ESCRITORIO\TALLER\REPOS\TALLERDEPROGRAMACION1\PROYECTO_GRAFO\PROYECTO_GRAFO\DEBUG\ARCHIVO.OBJ
C:\DOCUMENTS AND SETTINGS\CAMILA\ESCRITORIO\TALLER\REPOS\TALLERDEPROGRAMACION1\PROYECTO_GRAFO\PROYECTO_GRAFO\DEBUG\BIBLIOTECADEIMAGENES.OBJ
C:\Documents and Settings\Camila\Escritorio\Taller\Repos\TallerDeProgramacion1\Proyecto_grafo\Proyecto_grafo\Debug\cl.command.1.tlog
C:\Documents and Settings\Camila\Escritorio\Taller\Repos\TallerDeProgramacion1\Proyecto_grafo\Proyecto_grafo\Debug\CL.read.1.tlog
C:\Documents and Settings\Camila\Escritorio\Taller\Repos\TallerDeProgramacion1\Proyecto_grafo\Proyecto_grafo\Debug\CL.write.1.tlog
C:\DOCUMENTS AND SETTINGS\CAMILA\ESCRITORIO\TALLER\REPOS\TALLERDEPROGRAMACION1\PROYECTO_GRAFO\PROYECTO_GRAFO\DEBUG\CONVERSORUNIDADES.OBJ
C:\DOCUMENTS AND SETTINGS\CAMILA\ESCRITORIO\TALLER\REPOS\TALLERDEPROGRAMACION1\PROYECTO_GRAFO\PROYECTO_GRAFO\DEBUG\ENTIDAD.OBJ
C:\DOCUMENTS AND SETTINGS\CAMILA\ESCRITORIO\TALLER\REPOS\TALLERDEPROGRAMACION1\PROYECTO_GRAFO\PROYECTO_GRAFO\DEBUG\ERRORLOG.OBJ
C:\DOCUMENTS AND SETTINGS\CAMILA\ESCRITORIO\TALLER\REPOS\TALLERDEPROGRAMACION1\PROYECTO_GRAFO\PROYECTO_GRAFO\DEBUG\ESCENARIO.OBJ
C:\DOCUMENTS AND SETTINGS\CAMILA\ESCRITORIO\TALLER\REPOS\TALLERDEPROGRAMACION1\PROYECTO_GRAFO\PROYECTO_GRAFO\DEBUG\ESCENARIOTEST.OBJ
C:\DOCUMENTS AND SETTINGS\CAMILA\ESCRITORIO\TALLER\REPOS\TALLERDEPROGRAMACION1\PROYECTO_GRAFO\PROYECTO_GRAFO\DEBUG\GRAFO.OBJ
C:\DOCUMENTS AND SETTINGS\CAMILA\ESCRITORIO\TALLER\REPOS\TALLERDEPROGRAMACION1\PROYECTO_GRAFO\PROYECTO_GRAFO\DEBUG\JUGADOR.OBJ
C:\Documents and Settings\Camila\Escritorio\Taller\Repos\TallerDeProgramacion1\Proyecto_grafo\Proyecto_grafo\Debug\link.command.1.tlog
C:\Documents and Settings\Camila\Escritorio\Taller\Repos\TallerDeProgramacion1\Proyecto_grafo\Proyecto_grafo\Debug\link.read.1.tlog
C:\Documents and Settings\Camila\Escritorio\Taller\Repos\TallerDeProgramacion1\Proyecto_grafo\Proyecto_grafo\Debug\link.write.1.tlog
C:\Documents and Settings\Camila\Escritorio\Taller\Repos\TallerDeProgramacion1\Proyecto_grafo\Proyecto_grafo\Debug\link-cvtres.read.1.tlog
C:\Documents and Settings\Camila\Escritorio\Taller\Repos\TallerDeProgramacion1\Proyecto_grafo\Proyecto_grafo\Debug\link-cvtres.write.1.tlog
C:\DOCUMENTS AND SETTINGS\CAMILA\ESCRITORIO\TALLER\REPOS\TALLERDEPROGRAMACION1\PROYECTO_GRAFO\PROYECTO_GRAFO\DEBUG\MATRIZ.OBJ
C:\Documents and Settings\Camila\Escritorio\Taller\Repos\TallerDeProgramacion1\Proyecto_grafo\Proyecto_grafo\Debug\mt.command.1.tlog
C:\Documents and Settings\Camila\Escritorio\Taller\Repos\TallerDeProgramacion1\Proyecto_grafo\Proyecto_grafo\Debug\mt.read.1.tlog
C:\Documents and Settings\Camila\Escritorio\Taller\Repos\TallerDeProgramacion1\Proyecto_grafo\Proyecto_grafo\Debug\mt.write.1.tlog
C:\DOCUMENTS AND SETTINGS\CAMILA\ESCRITORIO\TALLER\REPOS\TALLERDEPROGRAMACION1\PROYECTO_GRAFO\PROYECTO_GRAFO\DEBUG\PARTIDA.OBJ
C:\DOCUMENTS AND SETTINGS\CAMILA\ESCRITORIO\TALLER\REPOS\TALLERDEPROGRAMACION1\PROYECTO_GRAFO\PROYECTO_GRAFO\DEBUG\POSICION.OBJ
C:\DOCUMENTS AND SETTINGS\CAMILA\ESCRITORIO\TALLER\REPOS\TALLERDEPROGRAMACION1\PROYECTO_GRAFO\PROYECTO_GRAFO\DEBUG\PROYECTO_GRAFO.EXE.INTERMEDIATE.MANIFEST
C:\DOCUMENTS AND SETTINGS\CAMILA\ESCRITORIO\TALLER\REPOS\TALLERDEPROGRAMACION1\PROYECTO_GRAFO\PROYECTO_GRAFO\DEBUG\PROYECTO_GRAFO.RES
C:\Documents and Settings\Camila\Escritorio\Taller\Repos\TallerDeProgramacion1\Proyecto_grafo\Proyecto_grafo\Debug\rc.command.1.tlog
C:\Documents and Settings\Camila\Escritorio\Taller\Repos\TallerDeProgramacion1\Proyecto_grafo\Proyecto_grafo\Debug\rc.read.1.tlog
C:\Documents and Settings\Camila\Escritorio\Taller\Repos\TallerDeProgramacion1\Proyecto_grafo\Proyecto_grafo\Debug\rc.write.1.tlog
C:\DOCUMENTS AND SETTINGS\CAMILA\ESCRITORIO\TALLER\REPOS\TALLERDEPROGRAMACION1\PROYECTO_GRAFO\PROYECTO_GRAFO\DEBUG\SPRITESHEET.OBJ
C:\DOCUMENTS AND SETTINGS\CAMILA\ESCRITORIO\TALLER\REPOS\TALLERDEPROGRAMACION1\PROYECTO_GRAFO\PROYECTO_GRAFO\DEBUG\UNIDAD.OBJ
C:\Documents and Settings\Camila\Escritorio\Taller\Repos\TallerDeProgramacion1\Proyecto_grafo\Proyecto_grafo\Debug\vc100.idb
C:\DOCUMENTS AND SETTINGS\CAMILA\ESCRITORIO\TALLER\REPOS\TALLERDEPROGRAMACION1\PROYECTO_GRAFO\PROYECTO_GRAFO\DEBUG\VC100.PDB
