Build started 30/08/2015 04:56:11 p.m..
Project "C:\Documents and Settings\TALLER\Mis documentos\Visual Studio 2010\Projects\PruebaSTDL\PruebaSTDL\PruebaSTDL.vcxproj" on node 2 (build target(s)).
InitializeBuildStatus:
  Creating "Debug\PruebaSTDL.unsuccessfulbuild" because "AlwaysCreate" was specified.
ClCompile:
  C:\Archivos de programa\Microsoft Visual Studio 10.0\VC\bin\CL.exe /c /ZI /nologo /W3 /WX- /Od /Oy- /D _MBCS /Gm /EHsc /RTC1 /MDd /GS /fp:precise /Zc:wchar_t /Zc:forScope /Fo"Debug\\" /Fd"Debug\vc100.pdb" /Gd /TP /analyze- /errorReport:prompt ..\..\..\..\..\Escritorio\08_geometry_rendering\08_geometry_rendering\08_geometry_rendering.cpp
  08_geometry_rendering.cpp
Link:
  C:\Archivos de programa\Microsoft Visual Studio 10.0\VC\bin\link.exe /ERRORREPORT:PROMPT /OUT:"C:\Documents and Settings\TALLER\Mis documentos\Visual Studio 2010\Projects\PruebaSTDL\Debug\PruebaSTDL.exe" /NOLOGO SDL2.lib SDL2main.lib SDL2_image.lib kernel32.lib user32.lib gdi32.lib winspool.lib comdlg32.lib advapi32.lib shell32.lib ole32.lib oleaut32.lib uuid.lib odbc32.lib odbccp32.lib /MANIFEST /ManifestFile:"Debug\PruebaSTDL.exe.intermediate.manifest" /MANIFESTUAC:"level='asInvoker' uiAccess='false'" /DEBUG /PDB:"C:\Documents and Settings\TALLER\Mis documentos\Visual Studio 2010\Projects\PruebaSTDL\Debug\PruebaSTDL.pdb" /SUBSYSTEM:CONSOLE /TLBID:1 /DYNAMICBASE /NXCOMPAT /IMPLIB:"C:\Documents and Settings\TALLER\Mis documentos\Visual Studio 2010\Projects\PruebaSTDL\Debug\PruebaSTDL.lib" /MACHINE:X86 Debug\08_geometry_rendering.obj
  LINK : C:\Documents and Settings\TALLER\Mis documentos\Visual Studio 2010\Projects\PruebaSTDL\Debug\PruebaSTDL.exe not found or not built by the last incremental link; performing full link
MSVCRTD.lib(cinitexe.obj) : warning LNK4098: defaultlib 'msvcrt.lib' conflicts with use of other libs; use /NODEFAULTLIB:library
  PruebaSTDL.vcxproj -> C:\Documents and Settings\TALLER\Mis documentos\Visual Studio 2010\Projects\PruebaSTDL\Debug\PruebaSTDL.exe
Manifest:
  C:\Archivos de programa\Microsoft SDKs\Windows\v7.0A\bin\mt.exe /nologo /verbose /outputresource:"C:\Documents and Settings\TALLER\Mis documentos\Visual Studio 2010\Projects\PruebaSTDL\Debug\PruebaSTDL.exe;#1" /manifest Debug\PruebaSTDL.exe.intermediate.manifest
FinalizeBuildStatus:
  Deleting file "Debug\PruebaSTDL.unsuccessfulbuild".
  Touching "Debug\PruebaSTDL.lastbuildstate".
Done Building Project "C:\Documents and Settings\TALLER\Mis documentos\Visual Studio 2010\Projects\PruebaSTDL\PruebaSTDL\PruebaSTDL.vcxproj" (build target(s)).

Build succeeded.

Time Elapsed 00:00:03.10
