C:\DOCUMENTS AND SETTINGS\USUARIO\MIS DOCUMENTOS\TALLER\TALLERDEPROGRAMACION1\PROYECTO_GRAFO_SERVER\DEBUG\PROYECTO_GRAFO.EXE
C:\DOCUMENTS AND SETTINGS\USUARIO\MIS DOCUMENTOS\TALLER\TALLERDEPROGRAMACION1\PROYECTO_GRAFO_SERVER\DEBUG\PROYECTO_GRAFO.ILK
C:\DOCUMENTS AND SETTINGS\USUARIO\MIS DOCUMENTOS\TALLER\TALLERDEPROGRAMACION1\PROYECTO_GRAFO_SERVER\DEBUG\PROYECTO_GRAFO.PDB
C:\DOCUMENTS AND SETTINGS\USUARIO\MIS DOCUMENTOS\TALLER\TALLERDEPROGRAMACION1\PROYECTO_GRAFO_SERVER\PROYECTO_GRAFO\DEBUG\ARCHIVO.OBJ
C:\DOCUMENTS AND SETTINGS\USUARIO\MIS DOCUMENTOS\TALLER\TALLERDEPROGRAMACION1\PROYECTO_GRAFO_SERVER\PROYECTO_GRAFO\DEBUG\CALCULADORCAMINOMINIMO.OBJ
C:\Documents and Settings\Usuario\Mis documentos\Taller\TallerDeProgramacion1\Proyecto_grafo_server\Proyecto_grafo\Debug\cl.command.1.tlog
C:\Documents and Settings\Usuario\Mis documentos\Taller\TallerDeProgramacion1\Proyecto_grafo_server\Proyecto_grafo\Debug\CL.read.1.tlog
C:\Documents and Settings\Usuario\Mis documentos\Taller\TallerDeProgramacion1\Proyecto_grafo_server\Proyecto_grafo\Debug\CL.write.1.tlog
C:\DOCUMENTS AND SETTINGS\USUARIO\MIS DOCUMENTOS\TALLER\TALLERDEPROGRAMACION1\PROYECTO_GRAFO_SERVER\PROYECTO_GRAFO\DEBUG\CONEXIONCLIENTE.OBJ
C:\DOCUMENTS AND SETTINGS\USUARIO\MIS DOCUMENTOS\TALLER\TALLERDEPROGRAMACION1\PROYECTO_GRAFO_SERVER\PROYECTO_GRAFO\DEBUG\CONFIGPARSER.OBJ
C:\DOCUMENTS AND SETTINGS\USUARIO\MIS DOCUMENTOS\TALLER\TALLERDEPROGRAMACION1\PROYECTO_GRAFO_SERVER\PROYECTO_GRAFO\DEBUG\CONVERSORUNIDADES.OBJ
C:\DOCUMENTS AND SETTINGS\USUARIO\MIS DOCUMENTOS\TALLER\TALLERDEPROGRAMACION1\PROYECTO_GRAFO_SERVER\PROYECTO_GRAFO\DEBUG\ENTIDAD.OBJ
C:\DOCUMENTS AND SETTINGS\USUARIO\MIS DOCUMENTOS\TALLER\TALLERDEPROGRAMACION1\PROYECTO_GRAFO_SERVER\PROYECTO_GRAFO\DEBUG\ERRORLOG.OBJ
C:\DOCUMENTS AND SETTINGS\USUARIO\MIS DOCUMENTOS\TALLER\TALLERDEPROGRAMACION1\PROYECTO_GRAFO_SERVER\PROYECTO_GRAFO\DEBUG\ESCENARIO.OBJ
C:\DOCUMENTS AND SETTINGS\USUARIO\MIS DOCUMENTOS\TALLER\TALLERDEPROGRAMACION1\PROYECTO_GRAFO_SERVER\PROYECTO_GRAFO\DEBUG\ESCENARIOTEST.OBJ
C:\DOCUMENTS AND SETTINGS\USUARIO\MIS DOCUMENTOS\TALLER\TALLERDEPROGRAMACION1\PROYECTO_GRAFO_SERVER\PROYECTO_GRAFO\DEBUG\FACTORYENTIDADES.OBJ
C:\DOCUMENTS AND SETTINGS\USUARIO\MIS DOCUMENTOS\TALLER\TALLERDEPROGRAMACION1\PROYECTO_GRAFO_SERVER\PROYECTO_GRAFO\DEBUG\JUGADOR.OBJ
C:\Documents and Settings\Usuario\Mis documentos\Taller\TallerDeProgramacion1\Proyecto_grafo_server\Proyecto_grafo\Debug\link.command.1.tlog
C:\Documents and Settings\Usuario\Mis documentos\Taller\TallerDeProgramacion1\Proyecto_grafo_server\Proyecto_grafo\Debug\link.read.1.tlog
C:\Documents and Settings\Usuario\Mis documentos\Taller\TallerDeProgramacion1\Proyecto_grafo_server\Proyecto_grafo\Debug\link.write.1.tlog
C:\Documents and Settings\Usuario\Mis documentos\Taller\TallerDeProgramacion1\Proyecto_grafo_server\Proyecto_grafo\Debug\link-cvtres.read.1.tlog
C:\Documents and Settings\Usuario\Mis documentos\Taller\TallerDeProgramacion1\Proyecto_grafo_server\Proyecto_grafo\Debug\link-cvtres.write.1.tlog
C:\DOCUMENTS AND SETTINGS\USUARIO\MIS DOCUMENTOS\TALLER\TALLERDEPROGRAMACION1\PROYECTO_GRAFO_SERVER\PROYECTO_GRAFO\DEBUG\MAIN.OBJ
C:\DOCUMENTS AND SETTINGS\USUARIO\MIS DOCUMENTOS\TALLER\TALLERDEPROGRAMACION1\PROYECTO_GRAFO_SERVER\PROYECTO_GRAFO\DEBUG\MATRIZ.OBJ
C:\Documents and Settings\Usuario\Mis documentos\Taller\TallerDeProgramacion1\Proyecto_grafo_server\Proyecto_grafo\Debug\mt.command.1.tlog
C:\Documents and Settings\Usuario\Mis documentos\Taller\TallerDeProgramacion1\Proyecto_grafo_server\Proyecto_grafo\Debug\mt.read.1.tlog
C:\Documents and Settings\Usuario\Mis documentos\Taller\TallerDeProgramacion1\Proyecto_grafo_server\Proyecto_grafo\Debug\mt.write.1.tlog
C:\DOCUMENTS AND SETTINGS\USUARIO\MIS DOCUMENTOS\TALLER\TALLERDEPROGRAMACION1\PROYECTO_GRAFO_SERVER\PROYECTO_GRAFO\DEBUG\NODO.OBJ
C:\DOCUMENTS AND SETTINGS\USUARIO\MIS DOCUMENTOS\TALLER\TALLERDEPROGRAMACION1\PROYECTO_GRAFO_SERVER\PROYECTO_GRAFO\DEBUG\PARTIDA.OBJ
C:\DOCUMENTS AND SETTINGS\USUARIO\MIS DOCUMENTOS\TALLER\TALLERDEPROGRAMACION1\PROYECTO_GRAFO_SERVER\PROYECTO_GRAFO\DEBUG\POSICION.OBJ
C:\DOCUMENTS AND SETTINGS\USUARIO\MIS DOCUMENTOS\TALLER\TALLERDEPROGRAMACION1\PROYECTO_GRAFO_SERVER\PROYECTO_GRAFO\DEBUG\PROYECTO_GRAFO.EXE.INTERMEDIATE.MANIFEST
C:\DOCUMENTS AND SETTINGS\USUARIO\MIS DOCUMENTOS\TALLER\TALLERDEPROGRAMACION1\PROYECTO_GRAFO_SERVER\PROYECTO_GRAFO\DEBUG\PROYECTO_GRAFO.RES
C:\Documents and Settings\Usuario\Mis documentos\Taller\TallerDeProgramacion1\Proyecto_grafo_server\Proyecto_grafo\Debug\rc.command.1.tlog
C:\Documents and Settings\Usuario\Mis documentos\Taller\TallerDeProgramacion1\Proyecto_grafo_server\Proyecto_grafo\Debug\rc.read.1.tlog
C:\Documents and Settings\Usuario\Mis documentos\Taller\TallerDeProgramacion1\Proyecto_grafo_server\Proyecto_grafo\Debug\rc.write.1.tlog
C:\DOCUMENTS AND SETTINGS\USUARIO\MIS DOCUMENTOS\TALLER\TALLERDEPROGRAMACION1\PROYECTO_GRAFO_SERVER\PROYECTO_GRAFO\DEBUG\RECURSO.OBJ
C:\DOCUMENTS AND SETTINGS\USUARIO\MIS DOCUMENTOS\TALLER\TALLERDEPROGRAMACION1\PROYECTO_GRAFO_SERVER\PROYECTO_GRAFO\DEBUG\SERVIDOR.OBJ
C:\DOCUMENTS AND SETTINGS\USUARIO\MIS DOCUMENTOS\TALLER\TALLERDEPROGRAMACION1\PROYECTO_GRAFO_SERVER\PROYECTO_GRAFO\DEBUG\SOCKETAUX.OBJ
C:\DOCUMENTS AND SETTINGS\USUARIO\MIS DOCUMENTOS\TALLER\TALLERDEPROGRAMACION1\PROYECTO_GRAFO_SERVER\PROYECTO_GRAFO\DEBUG\UNIDAD.OBJ
C:\Documents and Settings\Usuario\Mis documentos\Taller\TallerDeProgramacion1\Proyecto_grafo_server\Proyecto_grafo\Debug\vc100.idb
C:\DOCUMENTS AND SETTINGS\USUARIO\MIS DOCUMENTOS\TALLER\TALLERDEPROGRAMACION1\PROYECTO_GRAFO_SERVER\PROYECTO_GRAFO\DEBUG\VC100.PDB
C:\DOCUMENTS AND SETTINGS\USUARIO\MIS DOCUMENTOS\TALLER\TALLERDEPROGRAMACION1\PROYECTO_GRAFO_SERVER\PROYECTO_GRAFO\DEBUG\VISION.OBJ
