C:\DOCUMENTS AND SETTINGS\USUARIO\MIS DOCUMENTOS\TALLER\TALLERDEPROGRAMACION1\PROYECTO_GRAFO_SERVER\DEBUG\PROYECTO_GRAFO_SERVER.EXE
C:\DOCUMENTS AND SETTINGS\USUARIO\MIS DOCUMENTOS\TALLER\TALLERDEPROGRAMACION1\PROYECTO_GRAFO_SERVER\DEBUG\PROYECTO_GRAFO_SERVER.ILK
C:\DOCUMENTS AND SETTINGS\USUARIO\MIS DOCUMENTOS\TALLER\TALLERDEPROGRAMACION1\PROYECTO_GRAFO_SERVER\DEBUG\PROYECTO_GRAFO_SERVER.PDB
C:\DOCUMENTS AND SETTINGS\USUARIO\MIS DOCUMENTOS\TALLER\TALLERDEPROGRAMACION1\PROYECTO_GRAFO_SERVER\PROYECTO_GRAFO_SERVER\DEBUG\ARCHIVO.OBJ
C:\DOCUMENTS AND SETTINGS\USUARIO\MIS DOCUMENTOS\TALLER\TALLERDEPROGRAMACION1\PROYECTO_GRAFO_SERVER\PROYECTO_GRAFO_SERVER\DEBUG\CALCULADORCAMINOMINIMO.OBJ
C:\Documents and Settings\Usuario\Mis documentos\Taller\TallerDeProgramacion1\Proyecto_grafo_server\Proyecto_grafo_server\Debug\cl.command.1.tlog
C:\Documents and Settings\Usuario\Mis documentos\Taller\TallerDeProgramacion1\Proyecto_grafo_server\Proyecto_grafo_server\Debug\CL.read.1.tlog
C:\Documents and Settings\Usuario\Mis documentos\Taller\TallerDeProgramacion1\Proyecto_grafo_server\Proyecto_grafo_server\Debug\CL.write.1.tlog
C:\DOCUMENTS AND SETTINGS\USUARIO\MIS DOCUMENTOS\TALLER\TALLERDEPROGRAMACION1\PROYECTO_GRAFO_SERVER\PROYECTO_GRAFO_SERVER\DEBUG\CONEXIONCLIENTE.OBJ
C:\DOCUMENTS AND SETTINGS\USUARIO\MIS DOCUMENTOS\TALLER\TALLERDEPROGRAMACION1\PROYECTO_GRAFO_SERVER\PROYECTO_GRAFO_SERVER\DEBUG\CONFIGPARSER.OBJ
C:\DOCUMENTS AND SETTINGS\USUARIO\MIS DOCUMENTOS\TALLER\TALLERDEPROGRAMACION1\PROYECTO_GRAFO_SERVER\PROYECTO_GRAFO_SERVER\DEBUG\CONVERSORUNIDADES.OBJ
C:\DOCUMENTS AND SETTINGS\USUARIO\MIS DOCUMENTOS\TALLER\TALLERDEPROGRAMACION1\PROYECTO_GRAFO_SERVER\PROYECTO_GRAFO_SERVER\DEBUG\ENTIDAD.OBJ
C:\DOCUMENTS AND SETTINGS\USUARIO\MIS DOCUMENTOS\TALLER\TALLERDEPROGRAMACION1\PROYECTO_GRAFO_SERVER\PROYECTO_GRAFO_SERVER\DEBUG\ERRORLOG.OBJ
C:\DOCUMENTS AND SETTINGS\USUARIO\MIS DOCUMENTOS\TALLER\TALLERDEPROGRAMACION1\PROYECTO_GRAFO_SERVER\PROYECTO_GRAFO_SERVER\DEBUG\ESCENARIO.OBJ
C:\DOCUMENTS AND SETTINGS\USUARIO\MIS DOCUMENTOS\TALLER\TALLERDEPROGRAMACION1\PROYECTO_GRAFO_SERVER\PROYECTO_GRAFO_SERVER\DEBUG\FACTORYENTIDADES.OBJ
C:\DOCUMENTS AND SETTINGS\USUARIO\MIS DOCUMENTOS\TALLER\TALLERDEPROGRAMACION1\PROYECTO_GRAFO_SERVER\PROYECTO_GRAFO_SERVER\DEBUG\JUGADOR.OBJ
C:\Documents and Settings\Usuario\Mis documentos\Taller\TallerDeProgramacion1\Proyecto_grafo_server\Proyecto_grafo_server\Debug\link.command.1.tlog
C:\Documents and Settings\Usuario\Mis documentos\Taller\TallerDeProgramacion1\Proyecto_grafo_server\Proyecto_grafo_server\Debug\link.read.1.tlog
C:\Documents and Settings\Usuario\Mis documentos\Taller\TallerDeProgramacion1\Proyecto_grafo_server\Proyecto_grafo_server\Debug\link.write.1.tlog
C:\DOCUMENTS AND SETTINGS\USUARIO\MIS DOCUMENTOS\TALLER\TALLERDEPROGRAMACION1\PROYECTO_GRAFO_SERVER\PROYECTO_GRAFO_SERVER\DEBUG\MAIN.OBJ
C:\DOCUMENTS AND SETTINGS\USUARIO\MIS DOCUMENTOS\TALLER\TALLERDEPROGRAMACION1\PROYECTO_GRAFO_SERVER\PROYECTO_GRAFO_SERVER\DEBUG\MATRIZ.OBJ
C:\Documents and Settings\Usuario\Mis documentos\Taller\TallerDeProgramacion1\Proyecto_grafo_server\Proyecto_grafo_server\Debug\mt.command.1.tlog
C:\Documents and Settings\Usuario\Mis documentos\Taller\TallerDeProgramacion1\Proyecto_grafo_server\Proyecto_grafo_server\Debug\mt.read.1.tlog
C:\Documents and Settings\Usuario\Mis documentos\Taller\TallerDeProgramacion1\Proyecto_grafo_server\Proyecto_grafo_server\Debug\mt.write.1.tlog
C:\DOCUMENTS AND SETTINGS\USUARIO\MIS DOCUMENTOS\TALLER\TALLERDEPROGRAMACION1\PROYECTO_GRAFO_SERVER\PROYECTO_GRAFO_SERVER\DEBUG\NODO.OBJ
C:\DOCUMENTS AND SETTINGS\USUARIO\MIS DOCUMENTOS\TALLER\TALLERDEPROGRAMACION1\PROYECTO_GRAFO_SERVER\PROYECTO_GRAFO_SERVER\DEBUG\PARTIDA.OBJ
C:\DOCUMENTS AND SETTINGS\USUARIO\MIS DOCUMENTOS\TALLER\TALLERDEPROGRAMACION1\PROYECTO_GRAFO_SERVER\PROYECTO_GRAFO_SERVER\DEBUG\POSICION.OBJ
C:\DOCUMENTS AND SETTINGS\USUARIO\MIS DOCUMENTOS\TALLER\TALLERDEPROGRAMACION1\PROYECTO_GRAFO_SERVER\PROYECTO_GRAFO_SERVER\DEBUG\PROYECTO_GRAFO_SERVER.EXE.INTERMEDIATE.MANIFEST
C:\DOCUMENTS AND SETTINGS\USUARIO\MIS DOCUMENTOS\TALLER\TALLERDEPROGRAMACION1\PROYECTO_GRAFO_SERVER\PROYECTO_GRAFO_SERVER\DEBUG\RECURSO.OBJ
C:\DOCUMENTS AND SETTINGS\USUARIO\MIS DOCUMENTOS\TALLER\TALLERDEPROGRAMACION1\PROYECTO_GRAFO_SERVER\PROYECTO_GRAFO_SERVER\DEBUG\SERVIDOR.OBJ
C:\DOCUMENTS AND SETTINGS\USUARIO\MIS DOCUMENTOS\TALLER\TALLERDEPROGRAMACION1\PROYECTO_GRAFO_SERVER\PROYECTO_GRAFO_SERVER\DEBUG\SOCKETAUX.OBJ
C:\DOCUMENTS AND SETTINGS\USUARIO\MIS DOCUMENTOS\TALLER\TALLERDEPROGRAMACION1\PROYECTO_GRAFO_SERVER\PROYECTO_GRAFO_SERVER\DEBUG\UNIDAD.OBJ
C:\Documents and Settings\Usuario\Mis documentos\Taller\TallerDeProgramacion1\Proyecto_grafo_server\Proyecto_grafo_server\Debug\vc100.idb
C:\DOCUMENTS AND SETTINGS\USUARIO\MIS DOCUMENTOS\TALLER\TALLERDEPROGRAMACION1\PROYECTO_GRAFO_SERVER\PROYECTO_GRAFO_SERVER\DEBUG\VC100.PDB
C:\DOCUMENTS AND SETTINGS\USUARIO\MIS DOCUMENTOS\TALLER\TALLERDEPROGRAMACION1\PROYECTO_GRAFO_SERVER\PROYECTO_GRAFO_SERVER\DEBUG\VISION.OBJ
