[17/10/2015 05:11:34] - [WARNING] - Rango visión inválido en la entidad [moneda]. Se utiliza valor por defecto.
[17/10/2015 05:11:34] - [WARNING] - Rango visión inválido en la entidad [champion]. Se utiliza valor por defecto.
[17/10/2015 05:11:34] - [WARNING] - Rango visión inválido en la entidad [castle]. Se utiliza valor por defecto.
[17/10/2015 05:11:34] - [WARNING] - Rango visión inválido en la entidad [knight]. Se utiliza valor por defecto.
[17/10/2015 05:11:34] - [WARNING] - Rango visión inválido en la entidad [house]. Se utiliza valor por defecto.
[17/10/2015 05:11:34] - [WARNING] - Rango visión inválido en la entidad [windmill]. Se utiliza valor por defecto.
[17/10/2015 05:11:34] - [WARNING] - Rango visión inválido en la entidad [town_center]. Se utiliza valor por defecto.
[17/10/2015 05:11:34] - [WARNING] - Rango visión inválido en la entidad [barracks]. Se utiliza valor por defecto.
[17/10/2015 05:11:34] - [WARNING] - Rango visión inválido en la entidad [archery]. Se utiliza valor por defecto.
[17/10/2015 05:11:34] - [WARNING] - Rango visión inválido en la entidad [stable]. Se utiliza valor por defecto.
[17/10/2015 05:17:20] - [WARNING] - Rango visión inválido en la entidad [moneda]. Se utiliza valor por defecto.
[17/10/2015 05:17:20] - [WARNING] - Rango visión inválido en la entidad [champion]. Se utiliza valor por defecto.
[17/10/2015 05:17:20] - [WARNING] - Rango visión inválido en la entidad [castle]. Se utiliza valor por defecto.
[17/10/2015 05:17:20] - [WARNING] - Rango visión inválido en la entidad [knight]. Se utiliza valor por defecto.
[17/10/2015 05:17:20] - [WARNING] - Rango visión inválido en la entidad [house]. Se utiliza valor por defecto.
[17/10/2015 05:17:20] - [WARNING] - Rango visión inválido en la entidad [windmill]. Se utiliza valor por defecto.
[17/10/2015 05:17:20] - [WARNING] - Rango visión inválido en la entidad [town_center]. Se utiliza valor por defecto.
[17/10/2015 05:17:20] - [WARNING] - Rango visión inválido en la entidad [barracks]. Se utiliza valor por defecto.
[17/10/2015 05:17:20] - [WARNING] - Rango visión inválido en la entidad [archery]. Se utiliza valor por defecto.
[17/10/2015 05:17:20] - [WARNING] - Rango visión inválido en la entidad [stable]. Se utiliza valor por defecto.
[17/10/2015 05:28:39] - [WARNING] - Rango visión inválido en la entidad [moneda]. Se utiliza valor por defecto.
[17/10/2015 05:28:39] - [WARNING] - Rango visión inválido en la entidad [champion]. Se utiliza valor por defecto.
[17/10/2015 05:28:39] - [WARNING] - Rango visión inválido en la entidad [castle]. Se utiliza valor por defecto.
[17/10/2015 05:28:39] - [WARNING] - Rango visión inválido en la entidad [knight]. Se utiliza valor por defecto.
[17/10/2015 05:28:39] - [WARNING] - Rango visión inválido en la entidad [house]. Se utiliza valor por defecto.
[17/10/2015 05:28:39] - [WARNING] - Rango visión inválido en la entidad [windmill]. Se utiliza valor por defecto.
[17/10/2015 05:28:39] - [WARNING] - Rango visión inválido en la entidad [town_center]. Se utiliza valor por defecto.
[17/10/2015 05:28:39] - [WARNING] - Rango visión inválido en la entidad [barracks]. Se utiliza valor por defecto.
[17/10/2015 05:28:39] - [WARNING] - Rango visión inválido en la entidad [archery]. Se utiliza valor por defecto.
[17/10/2015 05:28:39] - [WARNING] - Rango visión inválido en la entidad [stable]. Se utiliza valor por defecto.
[17/10/2015 05:47:01] - [WARNING] - Rango visión inválido en la entidad [moneda]. Se utiliza valor por defecto.
[17/10/2015 05:47:01] - [WARNING] - Rango visión inválido en la entidad [champion]. Se utiliza valor por defecto.
[17/10/2015 05:47:01] - [WARNING] - Rango visión inválido en la entidad [castle]. Se utiliza valor por defecto.
[17/10/2015 05:47:01] - [WARNING] - Rango visión inválido en la entidad [knight]. Se utiliza valor por defecto.
[17/10/2015 05:47:01] - [WARNING] - Rango visión inválido en la entidad [house]. Se utiliza valor por defecto.
[17/10/2015 05:47:01] - [WARNING] - Rango visión inválido en la entidad [windmill]. Se utiliza valor por defecto.
[17/10/2015 05:47:01] - [WARNING] - Rango visión inválido en la entidad [town_center]. Se utiliza valor por defecto.
[17/10/2015 05:47:01] - [WARNING] - Rango visión inválido en la entidad [barracks]. Se utiliza valor por defecto.
[17/10/2015 05:47:01] - [WARNING] - Rango visión inválido en la entidad [archery]. Se utiliza valor por defecto.
[17/10/2015 05:47:01] - [WARNING] - Rango visión inválido en la entidad [stable]. Se utiliza valor por defecto.
[17/10/2015 05:53:44] - [WARNING] - Rango visión inválido en la entidad [moneda]. Se utiliza valor por defecto.
[17/10/2015 05:53:44] - [WARNING] - Rango visión inválido en la entidad [champion]. Se utiliza valor por defecto.
[17/10/2015 05:53:44] - [WARNING] - Rango visión inválido en la entidad [castle]. Se utiliza valor por defecto.
[17/10/2015 05:53:44] - [WARNING] - Rango visión inválido en la entidad [knight]. Se utiliza valor por defecto.
[17/10/2015 05:53:44] - [WARNING] - Rango visión inválido en la entidad [house]. Se utiliza valor por defecto.
[17/10/2015 05:53:44] - [WARNING] - Rango visión inválido en la entidad [windmill]. Se utiliza valor por defecto.
[17/10/2015 05:53:44] - [WARNING] - Rango visión inválido en la entidad [town_center]. Se utiliza valor por defecto.
[17/10/2015 05:53:44] - [WARNING] - Rango visión inválido en la entidad [barracks]. Se utiliza valor por defecto.
[17/10/2015 05:53:44] - [WARNING] - Rango visión inválido en la entidad [archery]. Se utiliza valor por defecto.
[17/10/2015 05:53:44] - [WARNING] - Rango visión inválido en la entidad [stable]. Se utiliza valor por defecto.
[17/10/2015 06:28:58] - [WARNING] - Rango visión inválido en la entidad [moneda]. Se utiliza valor por defecto.
[17/10/2015 06:28:58] - [WARNING] - Rango visión inválido en la entidad [champion]. Se utiliza valor por defecto.
[17/10/2015 06:28:58] - [WARNING] - Rango visión inválido en la entidad [castle]. Se utiliza valor por defecto.
[17/10/2015 06:28:58] - [WARNING] - Rango visión inválido en la entidad [knight]. Se utiliza valor por defecto.
[17/10/2015 06:28:58] - [WARNING] - Rango visión inválido en la entidad [house]. Se utiliza valor por defecto.
[17/10/2015 06:28:58] - [WARNING] - Rango visión inválido en la entidad [windmill]. Se utiliza valor por defecto.
[17/10/2015 06:28:58] - [WARNING] - Rango visión inválido en la entidad [town_center]. Se utiliza valor por defecto.
[17/10/2015 06:28:58] - [WARNING] - Rango visión inválido en la entidad [barracks]. Se utiliza valor por defecto.
[17/10/2015 06:28:58] - [WARNING] - Rango visión inválido en la entidad [archery]. Se utiliza valor por defecto.
[17/10/2015 06:28:58] - [WARNING] - Rango visión inválido en la entidad [stable]. Se utiliza valor por defecto.
[17/10/2015 06:30:30] - [WARNING] - Rango visión inválido en la entidad [moneda]. Se utiliza valor por defecto.
[17/10/2015 06:30:30] - [WARNING] - Rango visión inválido en la entidad [champion]. Se utiliza valor por defecto.
[17/10/2015 06:30:30] - [WARNING] - Rango visión inválido en la entidad [castle]. Se utiliza valor por defecto.
[17/10/2015 06:30:30] - [WARNING] - Rango visión inválido en la entidad [knight]. Se utiliza valor por defecto.
[17/10/2015 06:30:30] - [WARNING] - Rango visión inválido en la entidad [house]. Se utiliza valor por defecto.
[17/10/2015 06:30:30] - [WARNING] - Rango visión inválido en la entidad [windmill]. Se utiliza valor por defecto.
[17/10/2015 06:30:30] - [WARNING] - Rango visión inválido en la entidad [town_center]. Se utiliza valor por defecto.
[17/10/2015 06:30:30] - [WARNING] - Rango visión inválido en la entidad [barracks]. Se utiliza valor por defecto.
[17/10/2015 06:30:30] - [WARNING] - Rango visión inválido en la entidad [archery]. Se utiliza valor por defecto.
[17/10/2015 06:30:30] - [WARNING] - Rango visión inválido en la entidad [stable]. Se utiliza valor por defecto.
[17/10/2015 06:57:03] - [WARNING] - Rango visión inválido en la entidad [moneda]. Se utiliza valor por defecto.
[17/10/2015 06:57:03] - [WARNING] - Rango visión inválido en la entidad [champion]. Se utiliza valor por defecto.
[17/10/2015 06:57:03] - [WARNING] - Rango visión inválido en la entidad [castle]. Se utiliza valor por defecto.
[17/10/2015 06:57:03] - [WARNING] - Rango visión inválido en la entidad [knight]. Se utiliza valor por defecto.
[17/10/2015 06:57:03] - [WARNING] - Rango visión inválido en la entidad [house]. Se utiliza valor por defecto.
[17/10/2015 06:57:03] - [WARNING] - Rango visión inválido en la entidad [windmill]. Se utiliza valor por defecto.
[17/10/2015 06:57:03] - [WARNING] - Rango visión inválido en la entidad [town_center]. Se utiliza valor por defecto.
[17/10/2015 06:57:03] - [WARNING] - Rango visión inválido en la entidad [barracks]. Se utiliza valor por defecto.
[17/10/2015 06:57:03] - [WARNING] - Rango visión inválido en la entidad [archery]. Se utiliza valor por defecto.
[17/10/2015 06:57:03] - [WARNING] - Rango visión inválido en la entidad [stable]. Se utiliza valor por defecto.
[17/10/2015 07:02:34] - [WARNING] - Rango visión inválido en la entidad [moneda]. Se utiliza valor por defecto.
[17/10/2015 07:02:34] - [WARNING] - Rango visión inválido en la entidad [champion]. Se utiliza valor por defecto.
[17/10/2015 07:02:34] - [WARNING] - Rango visión inválido en la entidad [castle]. Se utiliza valor por defecto.
[17/10/2015 07:02:34] - [WARNING] - Rango visión inválido en la entidad [knight]. Se utiliza valor por defecto.
[17/10/2015 07:02:34] - [WARNING] - Rango visión inválido en la entidad [house]. Se utiliza valor por defecto.
[17/10/2015 07:02:34] - [WARNING] - Rango visión inválido en la entidad [windmill]. Se utiliza valor por defecto.
[17/10/2015 07:02:34] - [WARNING] - Rango visión inválido en la entidad [town_center]. Se utiliza valor por defecto.
[17/10/2015 07:02:34] - [WARNING] - Rango visión inválido en la entidad [barracks]. Se utiliza valor por defecto.
[17/10/2015 07:02:34] - [WARNING] - Rango visión inválido en la entidad [archery]. Se utiliza valor por defecto.
[17/10/2015 07:02:34] - [WARNING] - Rango visión inválido en la entidad [stable]. Se utiliza valor por defecto.
[17/10/2015 07:46:10] - [WARNING] - Rango visión inválido en la entidad [moneda]. Se utiliza valor por defecto.
[17/10/2015 07:46:10] - [WARNING] - Rango visión inválido en la entidad [champion]. Se utiliza valor por defecto.
[17/10/2015 07:46:10] - [WARNING] - Rango visión inválido en la entidad [castle]. Se utiliza valor por defecto.
[17/10/2015 07:46:10] - [WARNING] - Rango visión inválido en la entidad [knight]. Se utiliza valor por defecto.
[17/10/2015 07:46:10] - [WARNING] - Rango visión inválido en la entidad [house]. Se utiliza valor por defecto.
[17/10/2015 07:46:10] - [WARNING] - Rango visión inválido en la entidad [windmill]. Se utiliza valor por defecto.
[17/10/2015 07:46:10] - [WARNING] - Rango visión inválido en la entidad [town_center]. Se utiliza valor por defecto.
[17/10/2015 07:46:10] - [WARNING] - Rango visión inválido en la entidad [barracks]. Se utiliza valor por defecto.
[17/10/2015 07:46:10] - [WARNING] - Rango visión inválido en la entidad [archery]. Se utiliza valor por defecto.
[17/10/2015 07:46:10] - [WARNING] - Rango visión inválido en la entidad [stable]. Se utiliza valor por defecto.
[18/10/2015 01:03:33] - [WARNING] - Rango visión inválido en la entidad [moneda]. Se utiliza valor por defecto.
[18/10/2015 01:03:33] - [WARNING] - Rango visión inválido en la entidad [champion]. Se utiliza valor por defecto.
[18/10/2015 01:03:33] - [WARNING] - Rango visión inválido en la entidad [castle]. Se utiliza valor por defecto.
[18/10/2015 01:03:33] - [WARNING] - Rango visión inválido en la entidad [knight]. Se utiliza valor por defecto.
[18/10/2015 01:03:33] - [WARNING] - Rango visión inválido en la entidad [house]. Se utiliza valor por defecto.
[18/10/2015 01:03:33] - [WARNING] - Rango visión inválido en la entidad [windmill]. Se utiliza valor por defecto.
[18/10/2015 01:03:33] - [WARNING] - Rango visión inválido en la entidad [town_center]. Se utiliza valor por defecto.
[18/10/2015 01:03:33] - [WARNING] - Rango visión inválido en la entidad [barracks]. Se utiliza valor por defecto.
[18/10/2015 01:03:33] - [WARNING] - Rango visión inválido en la entidad [archery]. Se utiliza valor por defecto.
[18/10/2015 01:03:33] - [WARNING] - Rango visión inválido en la entidad [stable]. Se utiliza valor por defecto.
[18/10/2015 01:03:54] - [WARNING] - Rango visión inválido en la entidad [moneda]. Se utiliza valor por defecto.
[18/10/2015 01:03:54] - [WARNING] - Rango visión inválido en la entidad [champion]. Se utiliza valor por defecto.
[18/10/2015 01:03:54] - [WARNING] - Rango visión inválido en la entidad [castle]. Se utiliza valor por defecto.
[18/10/2015 01:03:54] - [WARNING] - Rango visión inválido en la entidad [knight]. Se utiliza valor por defecto.
[18/10/2015 01:03:54] - [WARNING] - Rango visión inválido en la entidad [house]. Se utiliza valor por defecto.
[18/10/2015 01:03:54] - [WARNING] - Rango visión inválido en la entidad [windmill]. Se utiliza valor por defecto.
[18/10/2015 01:03:54] - [WARNING] - Rango visión inválido en la entidad [town_center]. Se utiliza valor por defecto.
[18/10/2015 01:03:54] - [WARNING] - Rango visión inválido en la entidad [barracks]. Se utiliza valor por defecto.
[18/10/2015 01:03:54] - [WARNING] - Rango visión inválido en la entidad [archery]. Se utiliza valor por defecto.
[18/10/2015 01:03:54] - [WARNING] - Rango visión inválido en la entidad [stable]. Se utiliza valor por defecto.
[18/10/2015 01:59:39] - [WARNING] - Rango visión inválido en la entidad [moneda]. Se utiliza valor por defecto.
[18/10/2015 01:59:39] - [WARNING] - Rango visión inválido en la entidad [champion]. Se utiliza valor por defecto.
[18/10/2015 01:59:39] - [WARNING] - Rango visión inválido en la entidad [castle]. Se utiliza valor por defecto.
[18/10/2015 01:59:39] - [WARNING] - Rango visión inválido en la entidad [knight]. Se utiliza valor por defecto.
[18/10/2015 01:59:39] - [WARNING] - Rango visión inválido en la entidad [house]. Se utiliza valor por defecto.
[18/10/2015 01:59:39] - [WARNING] - Rango visión inválido en la entidad [windmill]. Se utiliza valor por defecto.
[18/10/2015 01:59:39] - [WARNING] - Rango visión inválido en la entidad [town_center]. Se utiliza valor por defecto.
[18/10/2015 01:59:39] - [WARNING] - Rango visión inválido en la entidad [barracks]. Se utiliza valor por defecto.
[18/10/2015 01:59:39] - [WARNING] - Rango visión inválido en la entidad [archery]. Se utiliza valor por defecto.
[18/10/2015 01:59:39] - [WARNING] - Rango visión inválido en la entidad [stable]. Se utiliza valor por defecto.
[18/10/2015 02:00:32] - [WARNING] - Rango visión inválido en la entidad [moneda]. Se utiliza valor por defecto.
[18/10/2015 02:00:32] - [WARNING] - Rango visión inválido en la entidad [champion]. Se utiliza valor por defecto.
[18/10/2015 02:00:32] - [WARNING] - Rango visión inválido en la entidad [castle]. Se utiliza valor por defecto.
[18/10/2015 02:00:32] - [WARNING] - Rango visión inválido en la entidad [knight]. Se utiliza valor por defecto.
[18/10/2015 02:00:32] - [WARNING] - Rango visión inválido en la entidad [house]. Se utiliza valor por defecto.
[18/10/2015 02:00:32] - [WARNING] - Rango visión inválido en la entidad [windmill]. Se utiliza valor por defecto.
[18/10/2015 02:00:32] - [WARNING] - Rango visión inválido en la entidad [town_center]. Se utiliza valor por defecto.
[18/10/2015 02:00:32] - [WARNING] - Rango visión inválido en la entidad [barracks]. Se utiliza valor por defecto.
[18/10/2015 02:00:32] - [WARNING] - Rango visión inválido en la entidad [archery]. Se utiliza valor por defecto.
[18/10/2015 02:00:32] - [WARNING] - Rango visión inválido en la entidad [stable]. Se utiliza valor por defecto.
