C:\DOCUMENTS AND SETTINGS\USUARIO\MIS DOCUMENTOS\TALLER\TALLERDEPROGRAMACION1\PROYECTO_GRAFO_CLIENT\DEBUG\PROYECTO_GRAFO_CLIENT.EXE
C:\DOCUMENTS AND SETTINGS\USUARIO\MIS DOCUMENTOS\TALLER\TALLERDEPROGRAMACION1\PROYECTO_GRAFO_CLIENT\DEBUG\PROYECTO_GRAFO_CLIENT.ILK
C:\DOCUMENTS AND SETTINGS\USUARIO\MIS DOCUMENTOS\TALLER\TALLERDEPROGRAMACION1\PROYECTO_GRAFO_CLIENT\DEBUG\PROYECTO_GRAFO_CLIENT.PDB
C:\DOCUMENTS AND SETTINGS\USUARIO\MIS DOCUMENTOS\TALLER\TALLERDEPROGRAMACION1\PROYECTO_GRAFO_CLIENT\PROYECTO_GRAFO_CLIENT\DEBUG\ARCHIVO.OBJ
C:\DOCUMENTS AND SETTINGS\USUARIO\MIS DOCUMENTOS\TALLER\TALLERDEPROGRAMACION1\PROYECTO_GRAFO_CLIENT\PROYECTO_GRAFO_CLIENT\DEBUG\BIBLIOTECADEIMAGENES.OBJ
C:\Documents and Settings\Usuario\Mis documentos\Taller\TallerDeProgramacion1\Proyecto_grafo_client\Proyecto_grafo_client\Debug\cl.command.1.tlog
C:\Documents and Settings\Usuario\Mis documentos\Taller\TallerDeProgramacion1\Proyecto_grafo_client\Proyecto_grafo_client\Debug\CL.read.1.tlog
C:\Documents and Settings\Usuario\Mis documentos\Taller\TallerDeProgramacion1\Proyecto_grafo_client\Proyecto_grafo_client\Debug\CL.write.1.tlog
C:\DOCUMENTS AND SETTINGS\USUARIO\MIS DOCUMENTOS\TALLER\TALLERDEPROGRAMACION1\PROYECTO_GRAFO_CLIENT\PROYECTO_GRAFO_CLIENT\DEBUG\CLIENTE.OBJ
C:\DOCUMENTS AND SETTINGS\USUARIO\MIS DOCUMENTOS\TALLER\TALLERDEPROGRAMACION1\PROYECTO_GRAFO_CLIENT\PROYECTO_GRAFO_CLIENT\DEBUG\CONFIGPARSER.OBJ
C:\DOCUMENTS AND SETTINGS\USUARIO\MIS DOCUMENTOS\TALLER\TALLERDEPROGRAMACION1\PROYECTO_GRAFO_CLIENT\PROYECTO_GRAFO_CLIENT\DEBUG\CONVERSORUNIDADES.OBJ
C:\DOCUMENTS AND SETTINGS\USUARIO\MIS DOCUMENTOS\TALLER\TALLERDEPROGRAMACION1\PROYECTO_GRAFO_CLIENT\PROYECTO_GRAFO_CLIENT\DEBUG\DATOSIMAGEN.OBJ
C:\DOCUMENTS AND SETTINGS\USUARIO\MIS DOCUMENTOS\TALLER\TALLERDEPROGRAMACION1\PROYECTO_GRAFO_CLIENT\PROYECTO_GRAFO_CLIENT\DEBUG\ENTIDAD.OBJ
C:\DOCUMENTS AND SETTINGS\USUARIO\MIS DOCUMENTOS\TALLER\TALLERDEPROGRAMACION1\PROYECTO_GRAFO_CLIENT\PROYECTO_GRAFO_CLIENT\DEBUG\ERRORLOG.OBJ
C:\DOCUMENTS AND SETTINGS\USUARIO\MIS DOCUMENTOS\TALLER\TALLERDEPROGRAMACION1\PROYECTO_GRAFO_CLIENT\PROYECTO_GRAFO_CLIENT\DEBUG\ESCENARIO.OBJ
C:\DOCUMENTS AND SETTINGS\USUARIO\MIS DOCUMENTOS\TALLER\TALLERDEPROGRAMACION1\PROYECTO_GRAFO_CLIENT\PROYECTO_GRAFO_CLIENT\DEBUG\FACTORYENTIDADES.OBJ
C:\DOCUMENTS AND SETTINGS\USUARIO\MIS DOCUMENTOS\TALLER\TALLERDEPROGRAMACION1\PROYECTO_GRAFO_CLIENT\PROYECTO_GRAFO_CLIENT\DEBUG\GRAFICADORPANTALLA.OBJ
C:\DOCUMENTS AND SETTINGS\USUARIO\MIS DOCUMENTOS\TALLER\TALLERDEPROGRAMACION1\PROYECTO_GRAFO_CLIENT\PROYECTO_GRAFO_CLIENT\DEBUG\JUGADOR.OBJ
C:\Documents and Settings\Usuario\Mis documentos\Taller\TallerDeProgramacion1\Proyecto_grafo_client\Proyecto_grafo_client\Debug\link.command.1.tlog
C:\Documents and Settings\Usuario\Mis documentos\Taller\TallerDeProgramacion1\Proyecto_grafo_client\Proyecto_grafo_client\Debug\link.read.1.tlog
C:\Documents and Settings\Usuario\Mis documentos\Taller\TallerDeProgramacion1\Proyecto_grafo_client\Proyecto_grafo_client\Debug\link.write.1.tlog
C:\DOCUMENTS AND SETTINGS\USUARIO\MIS DOCUMENTOS\TALLER\TALLERDEPROGRAMACION1\PROYECTO_GRAFO_CLIENT\PROYECTO_GRAFO_CLIENT\DEBUG\MAIN.OBJ
C:\DOCUMENTS AND SETTINGS\USUARIO\MIS DOCUMENTOS\TALLER\TALLERDEPROGRAMACION1\PROYECTO_GRAFO_CLIENT\PROYECTO_GRAFO_CLIENT\DEBUG\MATRIZ.OBJ
C:\Documents and Settings\Usuario\Mis documentos\Taller\TallerDeProgramacion1\Proyecto_grafo_client\Proyecto_grafo_client\Debug\mt.command.1.tlog
C:\Documents and Settings\Usuario\Mis documentos\Taller\TallerDeProgramacion1\Proyecto_grafo_client\Proyecto_grafo_client\Debug\mt.read.1.tlog
C:\Documents and Settings\Usuario\Mis documentos\Taller\TallerDeProgramacion1\Proyecto_grafo_client\Proyecto_grafo_client\Debug\mt.write.1.tlog
C:\DOCUMENTS AND SETTINGS\USUARIO\MIS DOCUMENTOS\TALLER\TALLERDEPROGRAMACION1\PROYECTO_GRAFO_CLIENT\PROYECTO_GRAFO_CLIENT\DEBUG\PARTIDA.OBJ
C:\DOCUMENTS AND SETTINGS\USUARIO\MIS DOCUMENTOS\TALLER\TALLERDEPROGRAMACION1\PROYECTO_GRAFO_CLIENT\PROYECTO_GRAFO_CLIENT\DEBUG\POSICION.OBJ
C:\DOCUMENTS AND SETTINGS\USUARIO\MIS DOCUMENTOS\TALLER\TALLERDEPROGRAMACION1\PROYECTO_GRAFO_CLIENT\PROYECTO_GRAFO_CLIENT\DEBUG\PROYECTO_GRAFO_CLIENT.EXE.INTERMEDIATE.MANIFEST
C:\DOCUMENTS AND SETTINGS\USUARIO\MIS DOCUMENTOS\TALLER\TALLERDEPROGRAMACION1\PROYECTO_GRAFO_CLIENT\PROYECTO_GRAFO_CLIENT\DEBUG\RECURSO.OBJ
C:\DOCUMENTS AND SETTINGS\USUARIO\MIS DOCUMENTOS\TALLER\TALLERDEPROGRAMACION1\PROYECTO_GRAFO_CLIENT\PROYECTO_GRAFO_CLIENT\DEBUG\SOCKETAUX.OBJ
C:\DOCUMENTS AND SETTINGS\USUARIO\MIS DOCUMENTOS\TALLER\TALLERDEPROGRAMACION1\PROYECTO_GRAFO_CLIENT\PROYECTO_GRAFO_CLIENT\DEBUG\SPRITESHEET.OBJ
C:\DOCUMENTS AND SETTINGS\USUARIO\MIS DOCUMENTOS\TALLER\TALLERDEPROGRAMACION1\PROYECTO_GRAFO_CLIENT\PROYECTO_GRAFO_CLIENT\DEBUG\UNIDAD.OBJ
C:\Documents and Settings\Usuario\Mis documentos\Taller\TallerDeProgramacion1\Proyecto_grafo_client\Proyecto_grafo_client\Debug\vc100.idb
C:\DOCUMENTS AND SETTINGS\USUARIO\MIS DOCUMENTOS\TALLER\TALLERDEPROGRAMACION1\PROYECTO_GRAFO_CLIENT\PROYECTO_GRAFO_CLIENT\DEBUG\VC100.PDB
C:\DOCUMENTS AND SETTINGS\USUARIO\MIS DOCUMENTOS\TALLER\TALLERDEPROGRAMACION1\PROYECTO_GRAFO_CLIENT\PROYECTO_GRAFO_CLIENT\DEBUG\VISION.OBJ
