[09/10/2015 03:11:39] - [ALLWAYS] - ----INICIANDO----
[09/10/2015 03:25:59] - [ALLWAYS] - ----INICIANDO----
[09/10/2015 03:25:59] - [WARNING] - yaml-cpp: error at line 22, column 5: key not found: pixelX
[09/10/2015 03:25:59] - [WARNING] - yaml-cpp: error at line 22, column 5: key not found: pixelY
[09/10/2015 03:42:39] - [ALLWAYS] - ----INICIANDO----
[09/10/2015 03:42:39] - [WARNING] - yaml-cpp: error at line 22, column 5: key not found: pixelX
[09/10/2015 03:42:39] - [WARNING] - yaml-cpp: error at line 22, column 5: key not found: pixelY
[09/10/2015 04:05:07] - [ALLWAYS] - ----INICIANDO----
[09/10/2015 04:05:07] - [WARNING] - yaml-cpp: error at line 22, column 5: key not found: pixelX
[09/10/2015 04:05:07] - [WARNING] - yaml-cpp: error at line 22, column 5: key not found: pixelY
[09/10/2015 04:24:00] - [ALLWAYS] - ----INICIANDO----
[09/10/2015 04:24:01] - [WARNING] - yaml-cpp: error at line 22, column 5: key not found: pixelX
[09/10/2015 04:24:01] - [WARNING] - yaml-cpp: error at line 22, column 5: key not found: pixelY
[09/10/2015 04:25:31] - [ALLWAYS] - ----INICIANDO----
[09/10/2015 04:25:32] - [WARNING] - yaml-cpp: error at line 22, column 5: key not found: pixelX
[09/10/2015 04:25:32] - [WARNING] - yaml-cpp: error at line 22, column 5: key not found: pixelY
[09/10/2015 04:32:12] - [ALLWAYS] - ----INICIANDO----
[09/10/2015 04:32:13] - [WARNING] - yaml-cpp: error at line 22, column 5: key not found: pixelX
[09/10/2015 04:32:13] - [WARNING] - yaml-cpp: error at line 22, column 5: key not found: pixelY
[09/10/2015 04:33:45] - [ALLWAYS] - ----INICIANDO----
[09/10/2015 04:33:46] - [WARNING] - yaml-cpp: error at line 22, column 5: key not found: pixelX
[09/10/2015 04:33:46] - [WARNING] - yaml-cpp: error at line 22, column 5: key not found: pixelY
[09/10/2015 04:35:24] - [ALLWAYS] - ----INICIANDO----
[09/10/2015 04:35:24] - [WARNING] - yaml-cpp: error at line 22, column 5: key not found: pixelX
[09/10/2015 04:35:24] - [WARNING] - yaml-cpp: error at line 22, column 5: key not found: pixelY
[09/10/2015 04:39:36] - [ALLWAYS] - ----INICIANDO----
[09/10/2015 04:39:36] - [WARNING] - yaml-cpp: error at line 22, column 5: key not found: pixelX
[09/10/2015 04:39:36] - [WARNING] - yaml-cpp: error at line 22, column 5: key not found: pixelY
[09/10/2015 04:39:56] - [ALLWAYS] - ----INICIANDO----
[09/10/2015 04:39:57] - [WARNING] - yaml-cpp: error at line 22, column 5: key not found: pixelX
[09/10/2015 04:39:57] - [WARNING] - yaml-cpp: error at line 22, column 5: key not found: pixelY
[09/10/2015 04:40:33] - [ALLWAYS] - ----INICIANDO----
[09/10/2015 04:40:34] - [WARNING] - yaml-cpp: error at line 22, column 5: key not found: pixelX
[09/10/2015 04:40:34] - [WARNING] - yaml-cpp: error at line 22, column 5: key not found: pixelY
[09/10/2015 04:41:01] - [ALLWAYS] - ----INICIANDO----
[09/10/2015 04:41:01] - [WARNING] - yaml-cpp: error at line 22, column 5: key not found: pixelX
[09/10/2015 04:41:01] - [WARNING] - yaml-cpp: error at line 22, column 5: key not found: pixelY
[09/10/2015 04:41:21] - [ALLWAYS] - ----INICIANDO----
[09/10/2015 04:41:21] - [WARNING] - yaml-cpp: error at line 22, column 5: key not found: pixelX
[09/10/2015 04:41:21] - [WARNING] - yaml-cpp: error at line 22, column 5: key not found: pixelY
[09/10/2015 04:43:19] - [ALLWAYS] - ----INICIANDO----
[09/10/2015 04:43:20] - [WARNING] - yaml-cpp: error at line 22, column 5: key not found: pixelX
[09/10/2015 04:43:20] - [WARNING] - yaml-cpp: error at line 22, column 5: key not found: pixelY
[09/10/2015 04:58:28] - [ALLWAYS] - ----INICIANDO----
[09/10/2015 04:58:29] - [WARNING] - yaml-cpp: error at line 22, column 5: key not found: pixelX
[09/10/2015 04:58:29] - [WARNING] - yaml-cpp: error at line 22, column 5: key not found: pixelY
[09/10/2015 04:58:52] - [ERROR] - Posicion (13,40) excede matriz de vision.
[09/10/2015 04:59:19] - [ALLWAYS] - ----INICIANDO----
[09/10/2015 04:59:19] - [WARNING] - yaml-cpp: error at line 22, column 5: key not found: pixelX
[09/10/2015 04:59:19] - [WARNING] - yaml-cpp: error at line 22, column 5: key not found: pixelY
[09/10/2015 04:59:38] - [ERROR] - Posicion (20,40) excede matriz de vision.
[09/10/2015 04:59:38] - [ERROR] - Posicion (20,40) excede matriz de vision.
[09/10/2015 04:59:38] - [ERROR] - Posicion (20,40) excede matriz de vision.
[09/10/2015 04:59:38] - [ERROR] - Posicion (20,40) excede matriz de vision.
[09/10/2015 04:59:38] - [ERROR] - Posicion (20,40) excede matriz de vision.
[09/10/2015 04:59:38] - [ERROR] - Posicion (20,40) excede matriz de vision.
[09/10/2015 04:59:38] - [ERROR] - Posicion (20,40) excede matriz de vision.
[09/10/2015 04:59:39] - [ERROR] - Posicion (19,40) excede matriz de vision.
[09/10/2015 04:59:39] - [ERROR] - Posicion (20,40) excede matriz de vision.
[09/10/2015 04:59:39] - [ERROR] - Posicion (21,40) excede matriz de vision.
[09/10/2015 04:59:39] - [ERROR] - Posicion (18,40) excede matriz de vision.
[09/10/2015 04:59:39] - [ERROR] - Posicion (19,40) excede matriz de vision.
[09/10/2015 04:59:39] - [ERROR] - Posicion (20,40) excede matriz de vision.
[09/10/2015 04:59:39] - [ERROR] - Posicion (18,40) excede matriz de vision.
[09/10/2015 04:59:39] - [ERROR] - Posicion (19,40) excede matriz de vision.
[09/10/2015 04:59:39] - [ERROR] - Posicion (20,40) excede matriz de vision.
[09/10/2015 04:59:39] - [ERROR] - Posicion (18,40) excede matriz de vision.
[09/10/2015 04:59:39] - [ERROR] - Posicion (19,40) excede matriz de vision.
[09/10/2015 04:59:39] - [ERROR] - Posicion (20,40) excede matriz de vision.
[09/10/2015 04:59:39] - [ERROR] - Posicion (18,40) excede matriz de vision.
[09/10/2015 04:59:39] - [ERROR] - Posicion (19,40) excede matriz de vision.
[09/10/2015 04:59:39] - [ERROR] - Posicion (20,40) excede matriz de vision.
[09/10/2015 04:59:39] - [ERROR] - Posicion (18,40) excede matriz de vision.
[09/10/2015 04:59:39] - [ERROR] - Posicion (19,40) excede matriz de vision.
[09/10/2015 04:59:39] - [ERROR] - Posicion (20,40) excede matriz de vision.
[09/10/2015 04:59:39] - [ERROR] - Posicion (18,40) excede matriz de vision.
[09/10/2015 04:59:39] - [ERROR] - Posicion (19,40) excede matriz de vision.
[09/10/2015 04:59:39] - [ERROR] - Posicion (20,40) excede matriz de vision.
[09/10/2015 04:59:39] - [ERROR] - Posicion (18,40) excede matriz de vision.
[09/10/2015 04:59:39] - [ERROR] - Posicion (19,40) excede matriz de vision.
[09/10/2015 04:59:39] - [ERROR] - Posicion (20,40) excede matriz de vision.
[09/10/2015 04:59:39] - [ERROR] - Posicion (18,40) excede matriz de vision.
[09/10/2015 04:59:39] - [ERROR] - Posicion (19,40) excede matriz de vision.
[09/10/2015 04:59:39] - [ERROR] - Posicion (20,40) excede matriz de vision.
[09/10/2015 04:59:39] - [ERROR] - Posicion (18,40) excede matriz de vision.
[09/10/2015 04:59:39] - [ERROR] - Posicion (19,40) excede matriz de vision.
[09/10/2015 04:59:39] - [ERROR] - Posicion (20,40) excede matriz de vision.
[09/10/2015 04:59:39] - [ERROR] - Posicion (18,40) excede matriz de vision.
[09/10/2015 04:59:39] - [ERROR] - Posicion (19,40) excede matriz de vision.
[09/10/2015 04:59:39] - [ERROR] - Posicion (20,40) excede matriz de vision.
[09/10/2015 04:59:39] - [ERROR] - Posicion (18,40) excede matriz de vision.
[09/10/2015 04:59:39] - [ERROR] - Posicion (19,40) excede matriz de vision.
[09/10/2015 04:59:39] - [ERROR] - Posicion (20,40) excede matriz de vision.
[09/10/2015 04:59:39] - [ERROR] - Posicion (18,40) excede matriz de vision.
[09/10/2015 04:59:39] - [ERROR] - Posicion (19,40) excede matriz de vision.
[09/10/2015 04:59:39] - [ERROR] - Posicion (20,40) excede matriz de vision.
[09/10/2015 04:59:39] - [ERROR] - Posicion (19,40) excede matriz de vision.
[09/10/2015 04:59:39] - [ERROR] - Posicion (20,40) excede matriz de vision.
[09/10/2015 04:59:39] - [ERROR] - Posicion (21,40) excede matriz de vision.
[09/10/2015 04:59:39] - [ERROR] - Posicion (19,40) excede matriz de vision.
[09/10/2015 04:59:39] - [ERROR] - Posicion (20,40) excede matriz de vision.
[09/10/2015 04:59:39] - [ERROR] - Posicion (21,40) excede matriz de vision.
[09/10/2015 04:59:39] - [ERROR] - Posicion (19,40) excede matriz de vision.
[09/10/2015 04:59:39] - [ERROR] - Posicion (20,40) excede matriz de vision.
[09/10/2015 04:59:39] - [ERROR] - Posicion (21,40) excede matriz de vision.
[09/10/2015 04:59:39] - [ERROR] - Posicion (19,40) excede matriz de vision.
[09/10/2015 04:59:39] - [ERROR] - Posicion (20,40) excede matriz de vision.
[09/10/2015 04:59:39] - [ERROR] - Posicion (21,40) excede matriz de vision.
[09/10/2015 04:59:39] - [ERROR] - Posicion (19,40) excede matriz de vision.
[09/10/2015 04:59:39] - [ERROR] - Posicion (20,40) excede matriz de vision.
[09/10/2015 04:59:39] - [ERROR] - Posicion (21,40) excede matriz de vision.
[09/10/2015 04:59:39] - [ERROR] - Posicion (19,40) excede matriz de vision.
[09/10/2015 04:59:39] - [ERROR] - Posicion (20,40) excede matriz de vision.
[09/10/2015 04:59:39] - [ERROR] - Posicion (21,40) excede matriz de vision.
[09/10/2015 04:59:39] - [ERROR] - Posicion (20,40) excede matriz de vision.
[09/10/2015 04:59:39] - [ERROR] - Posicion (21,40) excede matriz de vision.
[09/10/2015 04:59:39] - [ERROR] - Posicion (22,40) excede matriz de vision.
[09/10/2015 04:59:40] - [ERROR] - Posicion (20,40) excede matriz de vision.
[09/10/2015 04:59:40] - [ERROR] - Posicion (21,40) excede matriz de vision.
[09/10/2015 04:59:40] - [ERROR] - Posicion (22,40) excede matriz de vision.
[09/10/2015 04:59:40] - [ERROR] - Posicion (20,40) excede matriz de vision.
[09/10/2015 04:59:40] - [ERROR] - Posicion (21,40) excede matriz de vision.
[09/10/2015 04:59:40] - [ERROR] - Posicion (22,40) excede matriz de vision.
[09/10/2015 04:59:40] - [ERROR] - Posicion (21,40) excede matriz de vision.
[09/10/2015 04:59:40] - [ERROR] - Posicion (21,40) excede matriz de vision.
[09/10/2015 04:59:40] - [ERROR] - Posicion (22,40) excede matriz de vision.
[09/10/2015 04:59:40] - [ERROR] - Posicion (22,40) excede matriz de vision.
[09/10/2015 04:59:40] - [ERROR] - Posicion (22,40) excede matriz de vision.
[09/10/2015 04:59:40] - [ERROR] - Posicion (22,40) excede matriz de vision.
[09/10/2015 04:59:40] - [ERROR] - Posicion (22,40) excede matriz de vision.
[09/10/2015 04:59:40] - [ERROR] - Posicion (22,40) excede matriz de vision.
[09/10/2015 04:59:40] - [ERROR] - Posicion (23,40) excede matriz de vision.
[09/10/2015 04:59:40] - [ERROR] - Posicion (23,40) excede matriz de vision.
[09/10/2015 04:59:40] - [ERROR] - Posicion (23,40) excede matriz de vision.
[09/10/2015 04:59:40] - [ERROR] - Posicion (23,40) excede matriz de vision.
[09/10/2015 04:59:40] - [ERROR] - Posicion (23,40) excede matriz de vision.
[09/10/2015 04:59:46] - [ERROR] - Posicion (40,30) excede matriz de vision.
[09/10/2015 04:59:46] - [ERROR] - Posicion (40,30) excede matriz de vision.
[09/10/2015 04:59:46] - [ERROR] - Posicion (40,30) excede matriz de vision.
[09/10/2015 04:59:46] - [ERROR] - Posicion (40,30) excede matriz de vision.
[09/10/2015 04:59:46] - [ERROR] - Posicion (40,30) excede matriz de vision.
[09/10/2015 04:59:46] - [ERROR] - Posicion (40,30) excede matriz de vision.
[09/10/2015 04:59:46] - [ERROR] - Posicion (40,30) excede matriz de vision.
[09/10/2015 04:59:46] - [ERROR] - Posicion (40,30) excede matriz de vision.
[09/10/2015 04:59:46] - [ERROR] - Posicion (40,30) excede matriz de vision.
[09/10/2015 04:59:46] - [ERROR] - Posicion (40,30) excede matriz de vision.
[09/10/2015 04:59:47] - [ERROR] - Posicion (40,30) excede matriz de vision.
[09/10/2015 04:59:47] - [ERROR] - Posicion (40,30) excede matriz de vision.
[09/10/2015 04:59:47] - [ERROR] - Posicion (40,30) excede matriz de vision.
[09/10/2015 04:59:47] - [ERROR] - Posicion (40,30) excede matriz de vision.
[09/10/2015 04:59:47] - [ERROR] - Posicion (40,30) excede matriz de vision.
[09/10/2015 04:59:47] - [ERROR] - Posicion (40,30) excede matriz de vision.
[09/10/2015 04:59:47] - [ERROR] - Posicion (40,30) excede matriz de vision.
[09/10/2015 04:59:47] - [ERROR] - Posicion (40,30) excede matriz de vision.
[09/10/2015 04:59:47] - [ERROR] - Posicion (40,30) excede matriz de vision.
[09/10/2015 04:59:47] - [ERROR] - Posicion (40,30) excede matriz de vision.
[09/10/2015 04:59:47] - [ERROR] - Posicion (40,30) excede matriz de vision.
[09/10/2015 04:59:47] - [ERROR] - Posicion (40,30) excede matriz de vision.
[09/10/2015 04:59:47] - [ERROR] - Posicion (40,30) excede matriz de vision.
[09/10/2015 04:59:47] - [ERROR] - Posicion (40,30) excede matriz de vision.
[09/10/2015 04:59:47] - [ERROR] - Posicion (40,30) excede matriz de vision.
[09/10/2015 04:59:47] - [ERROR] - Posicion (40,30) excede matriz de vision.
[09/10/2015 04:59:47] - [ERROR] - Posicion (40,30) excede matriz de vision.
[09/10/2015 04:59:47] - [ERROR] - Posicion (40,30) excede matriz de vision.
[09/10/2015 04:59:47] - [ERROR] - Posicion (40,30) excede matriz de vision.
[09/10/2015 04:59:47] - [ERROR] - Posicion (40,30) excede matriz de vision.
[09/10/2015 04:59:48] - [ERROR] - Posicion (40,30) excede matriz de vision.
[09/10/2015 04:59:48] - [ERROR] - Posicion (40,30) excede matriz de vision.
[09/10/2015 04:59:48] - [ERROR] - Posicion (40,30) excede matriz de vision.
[09/10/2015 04:59:48] - [ERROR] - Posicion (40,30) excede matriz de vision.
[09/10/2015 04:59:48] - [ERROR] - Posicion (40,30) excede matriz de vision.
[09/10/2015 04:59:48] - [ERROR] - Posicion (40,30) excede matriz de vision.
[09/10/2015 04:59:48] - [ERROR] - Posicion (40,30) excede matriz de vision.
[09/10/2015 04:59:48] - [ERROR] - Posicion (40,30) excede matriz de vision.
[09/10/2015 04:59:48] - [ERROR] - Posicion (40,31) excede matriz de vision.
[09/10/2015 04:59:48] - [ERROR] - Posicion (40,31) excede matriz de vision.
[09/10/2015 04:59:48] - [ERROR] - Posicion (40,31) excede matriz de vision.
[09/10/2015 04:59:48] - [ERROR] - Posicion (40,31) excede matriz de vision.
[09/10/2015 04:59:48] - [ERROR] - Posicion (40,31) excede matriz de vision.
[09/10/2015 04:59:48] - [ERROR] - Posicion (40,32) excede matriz de vision.
[09/10/2015 04:59:48] - [ERROR] - Posicion (40,32) excede matriz de vision.
[09/10/2015 04:59:48] - [ERROR] - Posicion (40,32) excede matriz de vision.
[09/10/2015 04:59:48] - [ERROR] - Posicion (40,32) excede matriz de vision.
[09/10/2015 04:59:48] - [ERROR] - Posicion (40,32) excede matriz de vision.
[09/10/2015 04:59:48] - [ERROR] - Posicion (40,33) excede matriz de vision.
[09/10/2015 04:59:48] - [ERROR] - Posicion (40,33) excede matriz de vision.
[09/10/2015 04:59:49] - [ERROR] - Posicion (40,33) excede matriz de vision.
[09/10/2015 04:59:49] - [ERROR] - Posicion (40,33) excede matriz de vision.
[09/10/2015 04:59:49] - [ERROR] - Posicion (40,33) excede matriz de vision.
[09/10/2015 04:59:49] - [ERROR] - Posicion (34,40) excede matriz de vision.
[09/10/2015 04:59:49] - [ERROR] - Posicion (40,34) excede matriz de vision.
[09/10/2015 04:59:49] - [ERROR] - Posicion (34,40) excede matriz de vision.
[09/10/2015 04:59:49] - [ERROR] - Posicion (40,34) excede matriz de vision.
[09/10/2015 04:59:49] - [ERROR] - Posicion (34,40) excede matriz de vision.
[09/10/2015 04:59:49] - [ERROR] - Posicion (40,34) excede matriz de vision.
[09/10/2015 04:59:49] - [ERROR] - Posicion (34,40) excede matriz de vision.
[09/10/2015 04:59:49] - [ERROR] - Posicion (40,34) excede matriz de vision.
[09/10/2015 04:59:49] - [ERROR] - Posicion (34,40) excede matriz de vision.
[09/10/2015 04:59:49] - [ERROR] - Posicion (40,34) excede matriz de vision.
[09/10/2015 04:59:49] - [ERROR] - Posicion (34,40) excede matriz de vision.
[09/10/2015 04:59:49] - [ERROR] - Posicion (40,34) excede matriz de vision.
[09/10/2015 04:59:49] - [ERROR] - Posicion (34,40) excede matriz de vision.
[09/10/2015 04:59:49] - [ERROR] - Posicion (40,34) excede matriz de vision.
[09/10/2015 04:59:49] - [ERROR] - Posicion (34,40) excede matriz de vision.
[09/10/2015 04:59:49] - [ERROR] - Posicion (40,34) excede matriz de vision.
[09/10/2015 04:59:49] - [ERROR] - Posicion (34,40) excede matriz de vision.
[09/10/2015 04:59:49] - [ERROR] - Posicion (40,34) excede matriz de vision.
[09/10/2015 04:59:49] - [ERROR] - Posicion (34,40) excede matriz de vision.
[09/10/2015 04:59:49] - [ERROR] - Posicion (40,34) excede matriz de vision.
[09/10/2015 04:59:49] - [ERROR] - Posicion (34,40) excede matriz de vision.
[09/10/2015 04:59:49] - [ERROR] - Posicion (35,40) excede matriz de vision.
[09/10/2015 04:59:49] - [ERROR] - Posicion (36,40) excede matriz de vision.
[09/10/2015 04:59:49] - [ERROR] - Posicion (40,34) excede matriz de vision.
[09/10/2015 04:59:49] - [ERROR] - Posicion (40,35) excede matriz de vision.
[09/10/2015 04:59:49] - [ERROR] - Posicion (40,36) excede matriz de vision.
[09/10/2015 04:59:49] - [ERROR] - Posicion (34,40) excede matriz de vision.
[09/10/2015 04:59:49] - [ERROR] - Posicion (35,40) excede matriz de vision.
[09/10/2015 04:59:49] - [ERROR] - Posicion (36,40) excede matriz de vision.
[09/10/2015 04:59:49] - [ERROR] - Posicion (40,34) excede matriz de vision.
[09/10/2015 04:59:49] - [ERROR] - Posicion (40,35) excede matriz de vision.
[09/10/2015 04:59:49] - [ERROR] - Posicion (40,36) excede matriz de vision.
[09/10/2015 04:59:49] - [ERROR] - Posicion (34,40) excede matriz de vision.
[09/10/2015 04:59:49] - [ERROR] - Posicion (35,40) excede matriz de vision.
[09/10/2015 04:59:49] - [ERROR] - Posicion (36,40) excede matriz de vision.
[09/10/2015 04:59:49] - [ERROR] - Posicion (40,34) excede matriz de vision.
[09/10/2015 04:59:49] - [ERROR] - Posicion (40,35) excede matriz de vision.
[09/10/2015 04:59:49] - [ERROR] - Posicion (40,36) excede matriz de vision.
[09/10/2015 04:59:49] - [ERROR] - Posicion (34,40) excede matriz de vision.
[09/10/2015 04:59:49] - [ERROR] - Posicion (35,40) excede matriz de vision.
[09/10/2015 04:59:49] - [ERROR] - Posicion (36,40) excede matriz de vision.
[09/10/2015 04:59:49] - [ERROR] - Posicion (40,34) excede matriz de vision.
[09/10/2015 04:59:49] - [ERROR] - Posicion (40,35) excede matriz de vision.
[09/10/2015 04:59:49] - [ERROR] - Posicion (40,36) excede matriz de vision.
[09/10/2015 04:59:49] - [ERROR] - Posicion (34,40) excede matriz de vision.
[09/10/2015 04:59:49] - [ERROR] - Posicion (35,40) excede matriz de vision.
[09/10/2015 04:59:49] - [ERROR] - Posicion (36,40) excede matriz de vision.
[09/10/2015 04:59:49] - [ERROR] - Posicion (40,34) excede matriz de vision.
[09/10/2015 04:59:49] - [ERROR] - Posicion (40,35) excede matriz de vision.
[09/10/2015 04:59:49] - [ERROR] - Posicion (40,36) excede matriz de vision.
[09/10/2015 04:59:49] - [ERROR] - Posicion (35,40) excede matriz de vision.
[09/10/2015 04:59:49] - [ERROR] - Posicion (36,40) excede matriz de vision.
[09/10/2015 04:59:49] - [ERROR] - Posicion (37,40) excede matriz de vision.
[09/10/2015 04:59:49] - [ERROR] - Posicion (40,33) excede matriz de vision.
[09/10/2015 04:59:49] - [ERROR] - Posicion (40,34) excede matriz de vision.
[09/10/2015 04:59:49] - [ERROR] - Posicion (40,35) excede matriz de vision.
[09/10/2015 04:59:49] - [ERROR] - Posicion (40,36) excede matriz de vision.
[09/10/2015 04:59:49] - [ERROR] - Posicion (40,37) excede matriz de vision.
[09/10/2015 04:59:50] - [ERROR] - Posicion (35,40) excede matriz de vision.
[09/10/2015 04:59:50] - [ERROR] - Posicion (36,40) excede matriz de vision.
[09/10/2015 04:59:50] - [ERROR] - Posicion (37,40) excede matriz de vision.
[09/10/2015 04:59:50] - [ERROR] - Posicion (40,33) excede matriz de vision.
[09/10/2015 04:59:50] - [ERROR] - Posicion (40,34) excede matriz de vision.
[09/10/2015 04:59:50] - [ERROR] - Posicion (40,35) excede matriz de vision.
[09/10/2015 04:59:50] - [ERROR] - Posicion (40,36) excede matriz de vision.
[09/10/2015 04:59:50] - [ERROR] - Posicion (40,37) excede matriz de vision.
[09/10/2015 04:59:50] - [ERROR] - Posicion (35,40) excede matriz de vision.
[09/10/2015 04:59:50] - [ERROR] - Posicion (36,40) excede matriz de vision.
[09/10/2015 04:59:50] - [ERROR] - Posicion (37,40) excede matriz de vision.
[09/10/2015 04:59:50] - [ERROR] - Posicion (40,33) excede matriz de vision.
[09/10/2015 04:59:50] - [ERROR] - Posicion (40,34) excede matriz de vision.
[09/10/2015 04:59:50] - [ERROR] - Posicion (40,35) excede matriz de vision.
[09/10/2015 04:59:50] - [ERROR] - Posicion (40,36) excede matriz de vision.
[09/10/2015 04:59:50] - [ERROR] - Posicion (40,37) excede matriz de vision.
[09/10/2015 04:59:50] - [ERROR] - Posicion (35,40) excede matriz de vision.
[09/10/2015 04:59:50] - [ERROR] - Posicion (36,40) excede matriz de vision.
[09/10/2015 04:59:50] - [ERROR] - Posicion (37,40) excede matriz de vision.
[09/10/2015 04:59:50] - [ERROR] - Posicion (40,33) excede matriz de vision.
[09/10/2015 04:59:50] - [ERROR] - Posicion (40,34) excede matriz de vision.
[09/10/2015 04:59:50] - [ERROR] - Posicion (40,35) excede matriz de vision.
[09/10/2015 04:59:50] - [ERROR] - Posicion (40,36) excede matriz de vision.
[09/10/2015 04:59:50] - [ERROR] - Posicion (40,37) excede matriz de vision.
[09/10/2015 04:59:50] - [ERROR] - Posicion (35,40) excede matriz de vision.
[09/10/2015 04:59:50] - [ERROR] - Posicion (36,40) excede matriz de vision.
[09/10/2015 04:59:50] - [ERROR] - Posicion (37,40) excede matriz de vision.
[09/10/2015 04:59:50] - [ERROR] - Posicion (40,33) excede matriz de vision.
[09/10/2015 04:59:50] - [ERROR] - Posicion (40,34) excede matriz de vision.
[09/10/2015 04:59:50] - [ERROR] - Posicion (40,35) excede matriz de vision.
[09/10/2015 04:59:50] - [ERROR] - Posicion (40,36) excede matriz de vision.
[09/10/2015 04:59:50] - [ERROR] - Posicion (40,37) excede matriz de vision.
[09/10/2015 04:59:50] - [ERROR] - Posicion (36,40) excede matriz de vision.
[09/10/2015 04:59:50] - [ERROR] - Posicion (37,40) excede matriz de vision.
[09/10/2015 04:59:50] - [ERROR] - Posicion (38,40) excede matriz de vision.
[09/10/2015 04:59:50] - [ERROR] - Posicion (40,32) excede matriz de vision.
[09/10/2015 04:59:50] - [ERROR] - Posicion (40,33) excede matriz de vision.
[09/10/2015 04:59:50] - [ERROR] - Posicion (40,34) excede matriz de vision.
[09/10/2015 04:59:50] - [ERROR] - Posicion (40,35) excede matriz de vision.
[09/10/2015 04:59:50] - [ERROR] - Posicion (40,36) excede matriz de vision.
[09/10/2015 04:59:50] - [ERROR] - Posicion (40,37) excede matriz de vision.
[09/10/2015 04:59:50] - [ERROR] - Posicion (40,38) excede matriz de vision.
[09/10/2015 04:59:50] - [ERROR] - Posicion (36,40) excede matriz de vision.
[09/10/2015 04:59:50] - [ERROR] - Posicion (37,40) excede matriz de vision.
[09/10/2015 04:59:50] - [ERROR] - Posicion (38,40) excede matriz de vision.
[09/10/2015 04:59:50] - [ERROR] - Posicion (40,32) excede matriz de vision.
[09/10/2015 04:59:50] - [ERROR] - Posicion (40,33) excede matriz de vision.
[09/10/2015 04:59:50] - [ERROR] - Posicion (40,34) excede matriz de vision.
[09/10/2015 04:59:50] - [ERROR] - Posicion (40,35) excede matriz de vision.
[09/10/2015 04:59:50] - [ERROR] - Posicion (40,36) excede matriz de vision.
[09/10/2015 04:59:50] - [ERROR] - Posicion (40,37) excede matriz de vision.
[09/10/2015 04:59:50] - [ERROR] - Posicion (40,38) excede matriz de vision.
[09/10/2015 04:59:50] - [ERROR] - Posicion (36,40) excede matriz de vision.
[09/10/2015 04:59:50] - [ERROR] - Posicion (37,40) excede matriz de vision.
[09/10/2015 04:59:50] - [ERROR] - Posicion (38,40) excede matriz de vision.
[09/10/2015 04:59:50] - [ERROR] - Posicion (40,32) excede matriz de vision.
[09/10/2015 04:59:50] - [ERROR] - Posicion (40,33) excede matriz de vision.
[09/10/2015 04:59:50] - [ERROR] - Posicion (40,34) excede matriz de vision.
[09/10/2015 04:59:50] - [ERROR] - Posicion (40,35) excede matriz de vision.
[09/10/2015 04:59:50] - [ERROR] - Posicion (40,36) excede matriz de vision.
[09/10/2015 04:59:50] - [ERROR] - Posicion (40,37) excede matriz de vision.
[09/10/2015 04:59:50] - [ERROR] - Posicion (40,38) excede matriz de vision.
[09/10/2015 04:59:50] - [ERROR] - Posicion (36,40) excede matriz de vision.
[09/10/2015 04:59:50] - [ERROR] - Posicion (37,40) excede matriz de vision.
[09/10/2015 04:59:50] - [ERROR] - Posicion (38,40) excede matriz de vision.
[09/10/2015 04:59:50] - [ERROR] - Posicion (40,32) excede matriz de vision.
[09/10/2015 04:59:50] - [ERROR] - Posicion (40,33) excede matriz de vision.
[09/10/2015 04:59:50] - [ERROR] - Posicion (40,34) excede matriz de vision.
[09/10/2015 04:59:50] - [ERROR] - Posicion (40,35) excede matriz de vision.
[09/10/2015 04:59:50] - [ERROR] - Posicion (40,36) excede matriz de vision.
[09/10/2015 04:59:50] - [ERROR] - Posicion (40,37) excede matriz de vision.
[09/10/2015 04:59:50] - [ERROR] - Posicion (40,38) excede matriz de vision.
[09/10/2015 04:59:50] - [ERROR] - Posicion (36,40) excede matriz de vision.
[09/10/2015 04:59:50] - [ERROR] - Posicion (37,40) excede matriz de vision.
[09/10/2015 04:59:50] - [ERROR] - Posicion (38,40) excede matriz de vision.
[09/10/2015 04:59:50] - [ERROR] - Posicion (40,32) excede matriz de vision.
[09/10/2015 04:59:50] - [ERROR] - Posicion (40,33) excede matriz de vision.
[09/10/2015 04:59:50] - [ERROR] - Posicion (40,34) excede matriz de vision.
[09/10/2015 04:59:50] - [ERROR] - Posicion (40,35) excede matriz de vision.
[09/10/2015 04:59:50] - [ERROR] - Posicion (40,36) excede matriz de vision.
[09/10/2015 04:59:50] - [ERROR] - Posicion (40,37) excede matriz de vision.
[09/10/2015 04:59:50] - [ERROR] - Posicion (40,38) excede matriz de vision.
[09/10/2015 04:59:50] - [ERROR] - Posicion (36,40) excede matriz de vision.
[09/10/2015 04:59:50] - [ERROR] - Posicion (37,40) excede matriz de vision.
[09/10/2015 04:59:50] - [ERROR] - Posicion (38,40) excede matriz de vision.
[09/10/2015 04:59:50] - [ERROR] - Posicion (40,32) excede matriz de vision.
[09/10/2015 04:59:50] - [ERROR] - Posicion (40,33) excede matriz de vision.
[09/10/2015 04:59:50] - [ERROR] - Posicion (40,34) excede matriz de vision.
[09/10/2015 04:59:50] - [ERROR] - Posicion (40,35) excede matriz de vision.
[09/10/2015 04:59:50] - [ERROR] - Posicion (40,36) excede matriz de vision.
[09/10/2015 04:59:50] - [ERROR] - Posicion (40,37) excede matriz de vision.
[09/10/2015 04:59:50] - [ERROR] - Posicion (40,38) excede matriz de vision.
[09/10/2015 04:59:50] - [ERROR] - Posicion (36,40) excede matriz de vision.
[09/10/2015 04:59:50] - [ERROR] - Posicion (37,40) excede matriz de vision.
[09/10/2015 04:59:50] - [ERROR] - Posicion (38,40) excede matriz de vision.
[09/10/2015 04:59:50] - [ERROR] - Posicion (40,32) excede matriz de vision.
[09/10/2015 04:59:50] - [ERROR] - Posicion (40,33) excede matriz de vision.
[09/10/2015 04:59:50] - [ERROR] - Posicion (40,34) excede matriz de vision.
[09/10/2015 04:59:50] - [ERROR] - Posicion (40,35) excede matriz de vision.
[09/10/2015 04:59:50] - [ERROR] - Posicion (40,36) excede matriz de vision.
[09/10/2015 04:59:50] - [ERROR] - Posicion (40,37) excede matriz de vision.
[09/10/2015 04:59:50] - [ERROR] - Posicion (40,38) excede matriz de vision.
[09/10/2015 04:59:50] - [ERROR] - Posicion (36,40) excede matriz de vision.
[09/10/2015 04:59:50] - [ERROR] - Posicion (37,40) excede matriz de vision.
[09/10/2015 04:59:50] - [ERROR] - Posicion (38,40) excede matriz de vision.
[09/10/2015 04:59:50] - [ERROR] - Posicion (40,32) excede matriz de vision.
[09/10/2015 04:59:50] - [ERROR] - Posicion (40,33) excede matriz de vision.
[09/10/2015 04:59:50] - [ERROR] - Posicion (40,34) excede matriz de vision.
[09/10/2015 04:59:50] - [ERROR] - Posicion (40,35) excede matriz de vision.
[09/10/2015 04:59:50] - [ERROR] - Posicion (40,36) excede matriz de vision.
[09/10/2015 04:59:50] - [ERROR] - Posicion (40,37) excede matriz de vision.
[09/10/2015 04:59:50] - [ERROR] - Posicion (40,38) excede matriz de vision.
[09/10/2015 04:59:50] - [ERROR] - Posicion (36,40) excede matriz de vision.
[09/10/2015 04:59:50] - [ERROR] - Posicion (37,40) excede matriz de vision.
[09/10/2015 04:59:50] - [ERROR] - Posicion (38,40) excede matriz de vision.
[09/10/2015 04:59:50] - [ERROR] - Posicion (40,32) excede matriz de vision.
[09/10/2015 04:59:50] - [ERROR] - Posicion (40,33) excede matriz de vision.
[09/10/2015 04:59:50] - [ERROR] - Posicion (40,34) excede matriz de vision.
[09/10/2015 04:59:50] - [ERROR] - Posicion (40,35) excede matriz de vision.
[09/10/2015 04:59:50] - [ERROR] - Posicion (40,36) excede matriz de vision.
[09/10/2015 04:59:50] - [ERROR] - Posicion (40,37) excede matriz de vision.
[09/10/2015 04:59:50] - [ERROR] - Posicion (40,38) excede matriz de vision.
[09/10/2015 04:59:50] - [ERROR] - Posicion (37,40) excede matriz de vision.
[09/10/2015 04:59:50] - [ERROR] - Posicion (40,31) excede matriz de vision.
[09/10/2015 04:59:50] - [ERROR] - Posicion (40,32) excede matriz de vision.
[09/10/2015 04:59:50] - [ERROR] - Posicion (40,33) excede matriz de vision.
[09/10/2015 04:59:50] - [ERROR] - Posicion (40,34) excede matriz de vision.
[09/10/2015 04:59:50] - [ERROR] - Posicion (40,35) excede matriz de vision.
[09/10/2015 04:59:50] - [ERROR] - Posicion (40,36) excede matriz de vision.
[09/10/2015 04:59:50] - [ERROR] - Posicion (40,37) excede matriz de vision.
[09/10/2015 04:59:50] - [ERROR] - Posicion (37,40) excede matriz de vision.
[09/10/2015 04:59:50] - [ERROR] - Posicion (40,31) excede matriz de vision.
[09/10/2015 04:59:50] - [ERROR] - Posicion (40,32) excede matriz de vision.
[09/10/2015 04:59:50] - [ERROR] - Posicion (40,33) excede matriz de vision.
[09/10/2015 04:59:50] - [ERROR] - Posicion (40,34) excede matriz de vision.
[09/10/2015 04:59:50] - [ERROR] - Posicion (40,35) excede matriz de vision.
[09/10/2015 04:59:50] - [ERROR] - Posicion (40,36) excede matriz de vision.
[09/10/2015 04:59:50] - [ERROR] - Posicion (40,37) excede matriz de vision.
[09/10/2015 04:59:50] - [ERROR] - Posicion (37,40) excede matriz de vision.
[09/10/2015 04:59:50] - [ERROR] - Posicion (40,31) excede matriz de vision.
[09/10/2015 04:59:50] - [ERROR] - Posicion (40,32) excede matriz de vision.
[09/10/2015 04:59:50] - [ERROR] - Posicion (40,33) excede matriz de vision.
[09/10/2015 04:59:50] - [ERROR] - Posicion (40,34) excede matriz de vision.
[09/10/2015 04:59:50] - [ERROR] - Posicion (40,35) excede matriz de vision.
[09/10/2015 04:59:50] - [ERROR] - Posicion (40,36) excede matriz de vision.
[09/10/2015 04:59:50] - [ERROR] - Posicion (40,37) excede matriz de vision.
[09/10/2015 04:59:50] - [ERROR] - Posicion (37,40) excede matriz de vision.
[09/10/2015 04:59:50] - [ERROR] - Posicion (40,31) excede matriz de vision.
[09/10/2015 04:59:50] - [ERROR] - Posicion (40,32) excede matriz de vision.
[09/10/2015 04:59:50] - [ERROR] - Posicion (40,33) excede matriz de vision.
[09/10/2015 04:59:50] - [ERROR] - Posicion (40,34) excede matriz de vision.
[09/10/2015 04:59:50] - [ERROR] - Posicion (40,35) excede matriz de vision.
[09/10/2015 04:59:50] - [ERROR] - Posicion (40,36) excede matriz de vision.
[09/10/2015 04:59:50] - [ERROR] - Posicion (40,37) excede matriz de vision.
[09/10/2015 04:59:50] - [ERROR] - Posicion (38,40) excede matriz de vision.
[09/10/2015 04:59:50] - [ERROR] - Posicion (40,30) excede matriz de vision.
[09/10/2015 04:59:50] - [ERROR] - Posicion (40,31) excede matriz de vision.
[09/10/2015 04:59:50] - [ERROR] - Posicion (40,32) excede matriz de vision.
[09/10/2015 04:59:50] - [ERROR] - Posicion (40,33) excede matriz de vision.
[09/10/2015 04:59:50] - [ERROR] - Posicion (40,34) excede matriz de vision.
[09/10/2015 04:59:50] - [ERROR] - Posicion (40,35) excede matriz de vision.
[09/10/2015 04:59:50] - [ERROR] - Posicion (40,36) excede matriz de vision.
[09/10/2015 04:59:50] - [ERROR] - Posicion (40,37) excede matriz de vision.
[09/10/2015 04:59:50] - [ERROR] - Posicion (40,38) excede matriz de vision.
[09/10/2015 04:59:50] - [ERROR] - Posicion (40,29) excede matriz de vision.
[09/10/2015 04:59:50] - [ERROR] - Posicion (40,30) excede matriz de vision.
[09/10/2015 04:59:50] - [ERROR] - Posicion (40,31) excede matriz de vision.
[09/10/2015 04:59:50] - [ERROR] - Posicion (40,32) excede matriz de vision.
[09/10/2015 04:59:50] - [ERROR] - Posicion (40,33) excede matriz de vision.
[09/10/2015 04:59:50] - [ERROR] - Posicion (40,34) excede matriz de vision.
[09/10/2015 04:59:50] - [ERROR] - Posicion (40,35) excede matriz de vision.
[09/10/2015 04:59:50] - [ERROR] - Posicion (40,36) excede matriz de vision.
[09/10/2015 04:59:50] - [ERROR] - Posicion (40,37) excede matriz de vision.
[09/10/2015 04:59:50] - [ERROR] - Posicion (40,29) excede matriz de vision.
[09/10/2015 04:59:50] - [ERROR] - Posicion (40,30) excede matriz de vision.
[09/10/2015 04:59:50] - [ERROR] - Posicion (40,31) excede matriz de vision.
[09/10/2015 04:59:50] - [ERROR] - Posicion (40,32) excede matriz de vision.
[09/10/2015 04:59:50] - [ERROR] - Posicion (40,33) excede matriz de vision.
[09/10/2015 04:59:50] - [ERROR] - Posicion (40,34) excede matriz de vision.
[09/10/2015 04:59:50] - [ERROR] - Posicion (40,35) excede matriz de vision.
[09/10/2015 04:59:50] - [ERROR] - Posicion (40,36) excede matriz de vision.
[09/10/2015 04:59:50] - [ERROR] - Posicion (40,37) excede matriz de vision.
[09/10/2015 04:59:51] - [ERROR] - Posicion (40,29) excede matriz de vision.
[09/10/2015 04:59:51] - [ERROR] - Posicion (40,30) excede matriz de vision.
[09/10/2015 04:59:51] - [ERROR] - Posicion (40,31) excede matriz de vision.
[09/10/2015 04:59:51] - [ERROR] - Posicion (40,32) excede matriz de vision.
[09/10/2015 04:59:51] - [ERROR] - Posicion (40,33) excede matriz de vision.
[09/10/2015 04:59:51] - [ERROR] - Posicion (40,34) excede matriz de vision.
[09/10/2015 04:59:51] - [ERROR] - Posicion (40,35) excede matriz de vision.
[09/10/2015 04:59:51] - [ERROR] - Posicion (40,36) excede matriz de vision.
[09/10/2015 04:59:51] - [ERROR] - Posicion (40,37) excede matriz de vision.
[09/10/2015 04:59:51] - [ERROR] - Posicion (40,29) excede matriz de vision.
[09/10/2015 04:59:51] - [ERROR] - Posicion (40,30) excede matriz de vision.
[09/10/2015 04:59:51] - [ERROR] - Posicion (40,31) excede matriz de vision.
[09/10/2015 04:59:51] - [ERROR] - Posicion (40,32) excede matriz de vision.
[09/10/2015 04:59:51] - [ERROR] - Posicion (40,33) excede matriz de vision.
[09/10/2015 04:59:51] - [ERROR] - Posicion (40,34) excede matriz de vision.
[09/10/2015 04:59:51] - [ERROR] - Posicion (40,35) excede matriz de vision.
[09/10/2015 04:59:51] - [ERROR] - Posicion (40,36) excede matriz de vision.
[09/10/2015 04:59:51] - [ERROR] - Posicion (40,37) excede matriz de vision.
[09/10/2015 04:59:51] - [ERROR] - Posicion (40,29) excede matriz de vision.
[09/10/2015 04:59:51] - [ERROR] - Posicion (40,30) excede matriz de vision.
[09/10/2015 04:59:51] - [ERROR] - Posicion (40,31) excede matriz de vision.
[09/10/2015 04:59:51] - [ERROR] - Posicion (40,32) excede matriz de vision.
[09/10/2015 04:59:51] - [ERROR] - Posicion (40,33) excede matriz de vision.
[09/10/2015 04:59:51] - [ERROR] - Posicion (40,34) excede matriz de vision.
[09/10/2015 04:59:51] - [ERROR] - Posicion (40,35) excede matriz de vision.
[09/10/2015 04:59:51] - [ERROR] - Posicion (40,36) excede matriz de vision.
[09/10/2015 04:59:51] - [ERROR] - Posicion (40,37) excede matriz de vision.
[09/10/2015 04:59:51] - [ERROR] - Posicion (40,29) excede matriz de vision.
[09/10/2015 04:59:51] - [ERROR] - Posicion (40,30) excede matriz de vision.
[09/10/2015 04:59:51] - [ERROR] - Posicion (40,31) excede matriz de vision.
[09/10/2015 04:59:51] - [ERROR] - Posicion (40,32) excede matriz de vision.
[09/10/2015 04:59:51] - [ERROR] - Posicion (40,33) excede matriz de vision.
[09/10/2015 04:59:51] - [ERROR] - Posicion (40,34) excede matriz de vision.
[09/10/2015 04:59:51] - [ERROR] - Posicion (40,35) excede matriz de vision.
[09/10/2015 04:59:51] - [ERROR] - Posicion (40,36) excede matriz de vision.
[09/10/2015 04:59:51] - [ERROR] - Posicion (40,37) excede matriz de vision.
[09/10/2015 04:59:51] - [ERROR] - Posicion (40,29) excede matriz de vision.
[09/10/2015 04:59:51] - [ERROR] - Posicion (40,30) excede matriz de vision.
[09/10/2015 04:59:51] - [ERROR] - Posicion (40,31) excede matriz de vision.
[09/10/2015 04:59:51] - [ERROR] - Posicion (40,32) excede matriz de vision.
[09/10/2015 04:59:51] - [ERROR] - Posicion (40,33) excede matriz de vision.
[09/10/2015 04:59:51] - [ERROR] - Posicion (40,34) excede matriz de vision.
[09/10/2015 04:59:51] - [ERROR] - Posicion (40,35) excede matriz de vision.
[09/10/2015 04:59:51] - [ERROR] - Posicion (40,36) excede matriz de vision.
[09/10/2015 04:59:51] - [ERROR] - Posicion (40,37) excede matriz de vision.
[09/10/2015 04:59:51] - [ERROR] - Posicion (40,29) excede matriz de vision.
[09/10/2015 04:59:51] - [ERROR] - Posicion (40,30) excede matriz de vision.
[09/10/2015 04:59:51] - [ERROR] - Posicion (40,31) excede matriz de vision.
[09/10/2015 04:59:51] - [ERROR] - Posicion (40,32) excede matriz de vision.
[09/10/2015 04:59:51] - [ERROR] - Posicion (40,33) excede matriz de vision.
[09/10/2015 04:59:51] - [ERROR] - Posicion (40,34) excede matriz de vision.
[09/10/2015 04:59:51] - [ERROR] - Posicion (40,35) excede matriz de vision.
[09/10/2015 04:59:51] - [ERROR] - Posicion (40,36) excede matriz de vision.
[09/10/2015 04:59:51] - [ERROR] - Posicion (40,37) excede matriz de vision.
[09/10/2015 04:59:51] - [ERROR] - Posicion (40,29) excede matriz de vision.
[09/10/2015 04:59:51] - [ERROR] - Posicion (40,30) excede matriz de vision.
[09/10/2015 04:59:51] - [ERROR] - Posicion (40,31) excede matriz de vision.
[09/10/2015 04:59:51] - [ERROR] - Posicion (40,32) excede matriz de vision.
[09/10/2015 04:59:51] - [ERROR] - Posicion (40,33) excede matriz de vision.
[09/10/2015 04:59:51] - [ERROR] - Posicion (40,34) excede matriz de vision.
[09/10/2015 04:59:51] - [ERROR] - Posicion (40,35) excede matriz de vision.
[09/10/2015 04:59:51] - [ERROR] - Posicion (40,36) excede matriz de vision.
[09/10/2015 04:59:51] - [ERROR] - Posicion (40,37) excede matriz de vision.
[09/10/2015 04:59:51] - [ERROR] - Posicion (40,29) excede matriz de vision.
[09/10/2015 04:59:51] - [ERROR] - Posicion (40,30) excede matriz de vision.
[09/10/2015 04:59:51] - [ERROR] - Posicion (40,31) excede matriz de vision.
[09/10/2015 04:59:51] - [ERROR] - Posicion (40,32) excede matriz de vision.
[09/10/2015 04:59:51] - [ERROR] - Posicion (40,33) excede matriz de vision.
[09/10/2015 04:59:51] - [ERROR] - Posicion (40,34) excede matriz de vision.
[09/10/2015 04:59:51] - [ERROR] - Posicion (40,35) excede matriz de vision.
[09/10/2015 04:59:51] - [ERROR] - Posicion (40,36) excede matriz de vision.
[09/10/2015 04:59:51] - [ERROR] - Posicion (40,37) excede matriz de vision.
[09/10/2015 04:59:51] - [ERROR] - Posicion (40,29) excede matriz de vision.
[09/10/2015 04:59:51] - [ERROR] - Posicion (40,30) excede matriz de vision.
[09/10/2015 04:59:51] - [ERROR] - Posicion (40,31) excede matriz de vision.
[09/10/2015 04:59:51] - [ERROR] - Posicion (40,32) excede matriz de vision.
[09/10/2015 04:59:51] - [ERROR] - Posicion (40,33) excede matriz de vision.
[09/10/2015 04:59:51] - [ERROR] - Posicion (40,34) excede matriz de vision.
[09/10/2015 04:59:51] - [ERROR] - Posicion (40,35) excede matriz de vision.
[09/10/2015 04:59:51] - [ERROR] - Posicion (40,36) excede matriz de vision.
[09/10/2015 04:59:51] - [ERROR] - Posicion (40,37) excede matriz de vision.
[09/10/2015 04:59:51] - [ERROR] - Posicion (40,29) excede matriz de vision.
[09/10/2015 04:59:51] - [ERROR] - Posicion (40,30) excede matriz de vision.
[09/10/2015 04:59:51] - [ERROR] - Posicion (40,31) excede matriz de vision.
[09/10/2015 04:59:51] - [ERROR] - Posicion (40,32) excede matriz de vision.
[09/10/2015 04:59:51] - [ERROR] - Posicion (40,33) excede matriz de vision.
[09/10/2015 04:59:51] - [ERROR] - Posicion (40,34) excede matriz de vision.
[09/10/2015 04:59:51] - [ERROR] - Posicion (40,35) excede matriz de vision.
[09/10/2015 04:59:51] - [ERROR] - Posicion (40,36) excede matriz de vision.
[09/10/2015 04:59:51] - [ERROR] - Posicion (40,37) excede matriz de vision.
[09/10/2015 04:59:51] - [ERROR] - Posicion (40,29) excede matriz de vision.
[09/10/2015 04:59:51] - [ERROR] - Posicion (40,30) excede matriz de vision.
[09/10/2015 04:59:51] - [ERROR] - Posicion (40,31) excede matriz de vision.
[09/10/2015 04:59:51] - [ERROR] - Posicion (40,32) excede matriz de vision.
[09/10/2015 04:59:51] - [ERROR] - Posicion (40,33) excede matriz de vision.
[09/10/2015 04:59:51] - [ERROR] - Posicion (40,34) excede matriz de vision.
[09/10/2015 04:59:51] - [ERROR] - Posicion (40,35) excede matriz de vision.
[09/10/2015 04:59:51] - [ERROR] - Posicion (40,36) excede matriz de vision.
[09/10/2015 04:59:51] - [ERROR] - Posicion (40,37) excede matriz de vision.
[09/10/2015 04:59:51] - [ERROR] - Posicion (40,29) excede matriz de vision.
[09/10/2015 04:59:51] - [ERROR] - Posicion (40,30) excede matriz de vision.
[09/10/2015 04:59:51] - [ERROR] - Posicion (40,31) excede matriz de vision.
[09/10/2015 04:59:51] - [ERROR] - Posicion (40,32) excede matriz de vision.
[09/10/2015 04:59:51] - [ERROR] - Posicion (40,33) excede matriz de vision.
[09/10/2015 04:59:51] - [ERROR] - Posicion (40,34) excede matriz de vision.
[09/10/2015 04:59:51] - [ERROR] - Posicion (40,35) excede matriz de vision.
[09/10/2015 04:59:51] - [ERROR] - Posicion (40,36) excede matriz de vision.
[09/10/2015 04:59:51] - [ERROR] - Posicion (40,37) excede matriz de vision.
[09/10/2015 04:59:51] - [ERROR] - Posicion (40,29) excede matriz de vision.
[09/10/2015 04:59:51] - [ERROR] - Posicion (40,30) excede matriz de vision.
[09/10/2015 04:59:51] - [ERROR] - Posicion (40,31) excede matriz de vision.
[09/10/2015 04:59:51] - [ERROR] - Posicion (40,32) excede matriz de vision.
[09/10/2015 04:59:51] - [ERROR] - Posicion (40,33) excede matriz de vision.
[09/10/2015 04:59:51] - [ERROR] - Posicion (40,34) excede matriz de vision.
[09/10/2015 04:59:51] - [ERROR] - Posicion (40,35) excede matriz de vision.
[09/10/2015 04:59:51] - [ERROR] - Posicion (40,36) excede matriz de vision.
[09/10/2015 04:59:51] - [ERROR] - Posicion (40,37) excede matriz de vision.
[09/10/2015 04:59:51] - [ERROR] - Posicion (40,30) excede matriz de vision.
[09/10/2015 04:59:51] - [ERROR] - Posicion (40,31) excede matriz de vision.
[09/10/2015 04:59:51] - [ERROR] - Posicion (40,32) excede matriz de vision.
[09/10/2015 04:59:51] - [ERROR] - Posicion (40,33) excede matriz de vision.
[09/10/2015 04:59:51] - [ERROR] - Posicion (40,34) excede matriz de vision.
[09/10/2015 04:59:51] - [ERROR] - Posicion (40,35) excede matriz de vision.
[09/10/2015 04:59:51] - [ERROR] - Posicion (40,36) excede matriz de vision.
[09/10/2015 04:59:51] - [ERROR] - Posicion (40,30) excede matriz de vision.
[09/10/2015 04:59:51] - [ERROR] - Posicion (40,31) excede matriz de vision.
[09/10/2015 04:59:51] - [ERROR] - Posicion (40,32) excede matriz de vision.
[09/10/2015 04:59:51] - [ERROR] - Posicion (40,33) excede matriz de vision.
[09/10/2015 04:59:51] - [ERROR] - Posicion (40,34) excede matriz de vision.
[09/10/2015 04:59:51] - [ERROR] - Posicion (40,35) excede matriz de vision.
[09/10/2015 04:59:51] - [ERROR] - Posicion (40,36) excede matriz de vision.
[09/10/2015 04:59:51] - [ERROR] - Posicion (40,29) excede matriz de vision.
[09/10/2015 04:59:51] - [ERROR] - Posicion (40,30) excede matriz de vision.
[09/10/2015 04:59:51] - [ERROR] - Posicion (40,31) excede matriz de vision.
[09/10/2015 04:59:51] - [ERROR] - Posicion (40,32) excede matriz de vision.
[09/10/2015 04:59:51] - [ERROR] - Posicion (40,33) excede matriz de vision.
[09/10/2015 04:59:51] - [ERROR] - Posicion (40,34) excede matriz de vision.
[09/10/2015 04:59:51] - [ERROR] - Posicion (40,35) excede matriz de vision.
[09/10/2015 04:59:51] - [ERROR] - Posicion (40,29) excede matriz de vision.
[09/10/2015 04:59:51] - [ERROR] - Posicion (40,30) excede matriz de vision.
[09/10/2015 04:59:51] - [ERROR] - Posicion (40,31) excede matriz de vision.
[09/10/2015 04:59:51] - [ERROR] - Posicion (40,32) excede matriz de vision.
[09/10/2015 04:59:51] - [ERROR] - Posicion (40,33) excede matriz de vision.
[09/10/2015 04:59:51] - [ERROR] - Posicion (40,34) excede matriz de vision.
[09/10/2015 04:59:51] - [ERROR] - Posicion (40,35) excede matriz de vision.
[09/10/2015 04:59:51] - [ERROR] - Posicion (40,29) excede matriz de vision.
[09/10/2015 04:59:51] - [ERROR] - Posicion (40,30) excede matriz de vision.
[09/10/2015 04:59:51] - [ERROR] - Posicion (40,31) excede matriz de vision.
[09/10/2015 04:59:51] - [ERROR] - Posicion (40,32) excede matriz de vision.
[09/10/2015 04:59:51] - [ERROR] - Posicion (40,33) excede matriz de vision.
[09/10/2015 04:59:51] - [ERROR] - Posicion (40,34) excede matriz de vision.
[09/10/2015 04:59:51] - [ERROR] - Posicion (40,35) excede matriz de vision.
[09/10/2015 04:59:51] - [ERROR] - Posicion (40,29) excede matriz de vision.
[09/10/2015 04:59:51] - [ERROR] - Posicion (40,30) excede matriz de vision.
[09/10/2015 04:59:51] - [ERROR] - Posicion (40,31) excede matriz de vision.
[09/10/2015 04:59:51] - [ERROR] - Posicion (40,32) excede matriz de vision.
[09/10/2015 04:59:51] - [ERROR] - Posicion (40,33) excede matriz de vision.
[09/10/2015 04:59:51] - [ERROR] - Posicion (40,34) excede matriz de vision.
[09/10/2015 04:59:51] - [ERROR] - Posicion (40,35) excede matriz de vision.
[09/10/2015 04:59:51] - [ERROR] - Posicion (40,29) excede matriz de vision.
[09/10/2015 04:59:51] - [ERROR] - Posicion (40,30) excede matriz de vision.
[09/10/2015 04:59:51] - [ERROR] - Posicion (40,31) excede matriz de vision.
[09/10/2015 04:59:51] - [ERROR] - Posicion (40,32) excede matriz de vision.
[09/10/2015 04:59:51] - [ERROR] - Posicion (40,33) excede matriz de vision.
[09/10/2015 04:59:51] - [ERROR] - Posicion (40,34) excede matriz de vision.
[09/10/2015 04:59:51] - [ERROR] - Posicion (40,35) excede matriz de vision.
[09/10/2015 04:59:52] - [ERROR] - Posicion (40,28) excede matriz de vision.
[09/10/2015 04:59:52] - [ERROR] - Posicion (40,29) excede matriz de vision.
[09/10/2015 04:59:52] - [ERROR] - Posicion (40,30) excede matriz de vision.
[09/10/2015 04:59:52] - [ERROR] - Posicion (40,31) excede matriz de vision.
[09/10/2015 04:59:52] - [ERROR] - Posicion (40,32) excede matriz de vision.
[09/10/2015 04:59:52] - [ERROR] - Posicion (40,33) excede matriz de vision.
[09/10/2015 04:59:52] - [ERROR] - Posicion (40,34) excede matriz de vision.
[09/10/2015 04:59:52] - [ERROR] - Posicion (40,28) excede matriz de vision.
[09/10/2015 04:59:52] - [ERROR] - Posicion (40,29) excede matriz de vision.
[09/10/2015 04:59:52] - [ERROR] - Posicion (40,30) excede matriz de vision.
[09/10/2015 04:59:52] - [ERROR] - Posicion (40,31) excede matriz de vision.
[09/10/2015 04:59:52] - [ERROR] - Posicion (40,32) excede matriz de vision.
[09/10/2015 04:59:52] - [ERROR] - Posicion (40,33) excede matriz de vision.
[09/10/2015 04:59:52] - [ERROR] - Posicion (40,34) excede matriz de vision.
[09/10/2015 04:59:52] - [ERROR] - Posicion (40,28) excede matriz de vision.
[09/10/2015 04:59:52] - [ERROR] - Posicion (40,29) excede matriz de vision.
[09/10/2015 04:59:52] - [ERROR] - Posicion (40,30) excede matriz de vision.
[09/10/2015 04:59:52] - [ERROR] - Posicion (40,31) excede matriz de vision.
[09/10/2015 04:59:52] - [ERROR] - Posicion (40,32) excede matriz de vision.
[09/10/2015 04:59:52] - [ERROR] - Posicion (40,33) excede matriz de vision.
[09/10/2015 04:59:52] - [ERROR] - Posicion (40,34) excede matriz de vision.
[09/10/2015 04:59:52] - [ERROR] - Posicion (40,28) excede matriz de vision.
[09/10/2015 04:59:52] - [ERROR] - Posicion (40,29) excede matriz de vision.
[09/10/2015 04:59:52] - [ERROR] - Posicion (40,30) excede matriz de vision.
[09/10/2015 04:59:52] - [ERROR] - Posicion (40,31) excede matriz de vision.
[09/10/2015 04:59:52] - [ERROR] - Posicion (40,32) excede matriz de vision.
[09/10/2015 04:59:52] - [ERROR] - Posicion (40,33) excede matriz de vision.
[09/10/2015 04:59:52] - [ERROR] - Posicion (40,34) excede matriz de vision.
[09/10/2015 04:59:52] - [ERROR] - Posicion (40,28) excede matriz de vision.
[09/10/2015 04:59:52] - [ERROR] - Posicion (40,29) excede matriz de vision.
[09/10/2015 04:59:52] - [ERROR] - Posicion (40,30) excede matriz de vision.
[09/10/2015 04:59:52] - [ERROR] - Posicion (40,31) excede matriz de vision.
[09/10/2015 04:59:52] - [ERROR] - Posicion (40,32) excede matriz de vision.
[09/10/2015 04:59:52] - [ERROR] - Posicion (40,33) excede matriz de vision.
[09/10/2015 04:59:52] - [ERROR] - Posicion (40,34) excede matriz de vision.
[09/10/2015 04:59:52] - [ERROR] - Posicion (40,27) excede matriz de vision.
[09/10/2015 04:59:52] - [ERROR] - Posicion (40,28) excede matriz de vision.
[09/10/2015 04:59:52] - [ERROR] - Posicion (40,29) excede matriz de vision.
[09/10/2015 04:59:52] - [ERROR] - Posicion (40,30) excede matriz de vision.
[09/10/2015 04:59:52] - [ERROR] - Posicion (40,31) excede matriz de vision.
[09/10/2015 04:59:52] - [ERROR] - Posicion (40,32) excede matriz de vision.
[09/10/2015 04:59:52] - [ERROR] - Posicion (40,33) excede matriz de vision.
[09/10/2015 04:59:52] - [ERROR] - Posicion (40,27) excede matriz de vision.
[09/10/2015 04:59:52] - [ERROR] - Posicion (40,28) excede matriz de vision.
[09/10/2015 04:59:52] - [ERROR] - Posicion (40,29) excede matriz de vision.
[09/10/2015 04:59:52] - [ERROR] - Posicion (40,30) excede matriz de vision.
[09/10/2015 04:59:52] - [ERROR] - Posicion (40,31) excede matriz de vision.
[09/10/2015 04:59:52] - [ERROR] - Posicion (40,32) excede matriz de vision.
[09/10/2015 04:59:52] - [ERROR] - Posicion (40,33) excede matriz de vision.
[09/10/2015 04:59:52] - [ERROR] - Posicion (40,27) excede matriz de vision.
[09/10/2015 04:59:52] - [ERROR] - Posicion (40,28) excede matriz de vision.
[09/10/2015 04:59:52] - [ERROR] - Posicion (40,29) excede matriz de vision.
[09/10/2015 04:59:52] - [ERROR] - Posicion (40,30) excede matriz de vision.
[09/10/2015 04:59:52] - [ERROR] - Posicion (40,31) excede matriz de vision.
[09/10/2015 04:59:52] - [ERROR] - Posicion (40,32) excede matriz de vision.
[09/10/2015 04:59:52] - [ERROR] - Posicion (40,33) excede matriz de vision.
[09/10/2015 04:59:52] - [ERROR] - Posicion (40,27) excede matriz de vision.
[09/10/2015 04:59:52] - [ERROR] - Posicion (40,28) excede matriz de vision.
[09/10/2015 04:59:52] - [ERROR] - Posicion (40,29) excede matriz de vision.
[09/10/2015 04:59:52] - [ERROR] - Posicion (40,30) excede matriz de vision.
[09/10/2015 04:59:52] - [ERROR] - Posicion (40,31) excede matriz de vision.
[09/10/2015 04:59:52] - [ERROR] - Posicion (40,32) excede matriz de vision.
[09/10/2015 04:59:52] - [ERROR] - Posicion (40,33) excede matriz de vision.
[09/10/2015 04:59:52] - [ERROR] - Posicion (40,27) excede matriz de vision.
[09/10/2015 04:59:52] - [ERROR] - Posicion (40,28) excede matriz de vision.
[09/10/2015 04:59:52] - [ERROR] - Posicion (40,29) excede matriz de vision.
[09/10/2015 04:59:52] - [ERROR] - Posicion (40,30) excede matriz de vision.
[09/10/2015 04:59:52] - [ERROR] - Posicion (40,31) excede matriz de vision.
[09/10/2015 04:59:52] - [ERROR] - Posicion (40,32) excede matriz de vision.
[09/10/2015 04:59:52] - [ERROR] - Posicion (40,33) excede matriz de vision.
[09/10/2015 04:59:52] - [ERROR] - Posicion (40,28) excede matriz de vision.
[09/10/2015 04:59:52] - [ERROR] - Posicion (40,29) excede matriz de vision.
[09/10/2015 04:59:52] - [ERROR] - Posicion (40,30) excede matriz de vision.
[09/10/2015 04:59:52] - [ERROR] - Posicion (40,31) excede matriz de vision.
[09/10/2015 04:59:52] - [ERROR] - Posicion (40,32) excede matriz de vision.
[09/10/2015 04:59:52] - [ERROR] - Posicion (40,27) excede matriz de vision.
[09/10/2015 04:59:52] - [ERROR] - Posicion (40,28) excede matriz de vision.
[09/10/2015 04:59:52] - [ERROR] - Posicion (40,29) excede matriz de vision.
[09/10/2015 04:59:52] - [ERROR] - Posicion (40,30) excede matriz de vision.
[09/10/2015 04:59:52] - [ERROR] - Posicion (40,31) excede matriz de vision.
[09/10/2015 04:59:52] - [ERROR] - Posicion (40,27) excede matriz de vision.
[09/10/2015 04:59:52] - [ERROR] - Posicion (40,28) excede matriz de vision.
[09/10/2015 04:59:52] - [ERROR] - Posicion (40,29) excede matriz de vision.
[09/10/2015 04:59:52] - [ERROR] - Posicion (40,30) excede matriz de vision.
[09/10/2015 04:59:52] - [ERROR] - Posicion (40,31) excede matriz de vision.
[09/10/2015 04:59:52] - [ERROR] - Posicion (40,27) excede matriz de vision.
[09/10/2015 04:59:52] - [ERROR] - Posicion (40,28) excede matriz de vision.
[09/10/2015 04:59:52] - [ERROR] - Posicion (40,29) excede matriz de vision.
[09/10/2015 04:59:52] - [ERROR] - Posicion (40,30) excede matriz de vision.
[09/10/2015 04:59:52] - [ERROR] - Posicion (40,31) excede matriz de vision.
[09/10/2015 04:59:52] - [ERROR] - Posicion (40,27) excede matriz de vision.
[09/10/2015 04:59:52] - [ERROR] - Posicion (40,28) excede matriz de vision.
[09/10/2015 04:59:52] - [ERROR] - Posicion (40,29) excede matriz de vision.
[09/10/2015 04:59:52] - [ERROR] - Posicion (40,30) excede matriz de vision.
[09/10/2015 04:59:52] - [ERROR] - Posicion (40,31) excede matriz de vision.
[09/10/2015 04:59:52] - [ERROR] - Posicion (40,27) excede matriz de vision.
[09/10/2015 04:59:52] - [ERROR] - Posicion (40,28) excede matriz de vision.
[09/10/2015 04:59:52] - [ERROR] - Posicion (40,29) excede matriz de vision.
[09/10/2015 04:59:52] - [ERROR] - Posicion (40,30) excede matriz de vision.
[09/10/2015 04:59:52] - [ERROR] - Posicion (40,31) excede matriz de vision.
[09/10/2015 04:59:52] - [ERROR] - Posicion (40,26) excede matriz de vision.
[09/10/2015 04:59:52] - [ERROR] - Posicion (40,27) excede matriz de vision.
[09/10/2015 04:59:52] - [ERROR] - Posicion (40,28) excede matriz de vision.
[09/10/2015 04:59:52] - [ERROR] - Posicion (40,29) excede matriz de vision.
[09/10/2015 04:59:52] - [ERROR] - Posicion (40,30) excede matriz de vision.
[09/10/2015 04:59:52] - [ERROR] - Posicion (40,26) excede matriz de vision.
[09/10/2015 04:59:52] - [ERROR] - Posicion (40,27) excede matriz de vision.
[09/10/2015 04:59:52] - [ERROR] - Posicion (40,28) excede matriz de vision.
[09/10/2015 04:59:52] - [ERROR] - Posicion (40,29) excede matriz de vision.
[09/10/2015 04:59:52] - [ERROR] - Posicion (40,30) excede matriz de vision.
[09/10/2015 04:59:52] - [ERROR] - Posicion (40,26) excede matriz de vision.
[09/10/2015 04:59:52] - [ERROR] - Posicion (40,27) excede matriz de vision.
[09/10/2015 04:59:52] - [ERROR] - Posicion (40,28) excede matriz de vision.
[09/10/2015 04:59:52] - [ERROR] - Posicion (40,29) excede matriz de vision.
[09/10/2015 04:59:52] - [ERROR] - Posicion (40,30) excede matriz de vision.
[09/10/2015 04:59:52] - [ERROR] - Posicion (40,26) excede matriz de vision.
[09/10/2015 04:59:52] - [ERROR] - Posicion (40,27) excede matriz de vision.
[09/10/2015 04:59:52] - [ERROR] - Posicion (40,28) excede matriz de vision.
[09/10/2015 04:59:52] - [ERROR] - Posicion (40,29) excede matriz de vision.
[09/10/2015 04:59:52] - [ERROR] - Posicion (40,30) excede matriz de vision.
[09/10/2015 04:59:53] - [ERROR] - Posicion (40,26) excede matriz de vision.
[09/10/2015 04:59:53] - [ERROR] - Posicion (40,27) excede matriz de vision.
[09/10/2015 04:59:53] - [ERROR] - Posicion (40,28) excede matriz de vision.
[09/10/2015 04:59:53] - [ERROR] - Posicion (40,29) excede matriz de vision.
[09/10/2015 04:59:53] - [ERROR] - Posicion (40,30) excede matriz de vision.
[09/10/2015 04:59:53] - [ERROR] - Posicion (40,25) excede matriz de vision.
[09/10/2015 04:59:53] - [ERROR] - Posicion (40,26) excede matriz de vision.
[09/10/2015 04:59:53] - [ERROR] - Posicion (40,27) excede matriz de vision.
[09/10/2015 04:59:53] - [ERROR] - Posicion (40,28) excede matriz de vision.
[09/10/2015 04:59:53] - [ERROR] - Posicion (40,29) excede matriz de vision.
[09/10/2015 04:59:53] - [ERROR] - Posicion (40,25) excede matriz de vision.
[09/10/2015 04:59:53] - [ERROR] - Posicion (40,26) excede matriz de vision.
[09/10/2015 04:59:53] - [ERROR] - Posicion (40,27) excede matriz de vision.
[09/10/2015 04:59:53] - [ERROR] - Posicion (40,28) excede matriz de vision.
[09/10/2015 04:59:53] - [ERROR] - Posicion (40,29) excede matriz de vision.
[09/10/2015 04:59:53] - [ERROR] - Posicion (40,25) excede matriz de vision.
[09/10/2015 04:59:53] - [ERROR] - Posicion (40,26) excede matriz de vision.
[09/10/2015 04:59:53] - [ERROR] - Posicion (40,27) excede matriz de vision.
[09/10/2015 04:59:53] - [ERROR] - Posicion (40,28) excede matriz de vision.
[09/10/2015 04:59:53] - [ERROR] - Posicion (40,29) excede matriz de vision.
[09/10/2015 04:59:53] - [ERROR] - Posicion (40,25) excede matriz de vision.
[09/10/2015 04:59:53] - [ERROR] - Posicion (40,26) excede matriz de vision.
[09/10/2015 04:59:53] - [ERROR] - Posicion (40,27) excede matriz de vision.
[09/10/2015 04:59:53] - [ERROR] - Posicion (40,28) excede matriz de vision.
[09/10/2015 04:59:53] - [ERROR] - Posicion (40,29) excede matriz de vision.
[09/10/2015 04:59:53] - [ERROR] - Posicion (40,26) excede matriz de vision.
[09/10/2015 04:59:53] - [ERROR] - Posicion (40,27) excede matriz de vision.
[09/10/2015 04:59:53] - [ERROR] - Posicion (40,28) excede matriz de vision.
[09/10/2015 04:59:53] - [ERROR] - Posicion (40,26) excede matriz de vision.
[09/10/2015 04:59:53] - [ERROR] - Posicion (40,27) excede matriz de vision.
[09/10/2015 04:59:53] - [ERROR] - Posicion (40,28) excede matriz de vision.
[09/10/2015 04:59:53] - [ERROR] - Posicion (40,25) excede matriz de vision.
[09/10/2015 04:59:53] - [ERROR] - Posicion (40,26) excede matriz de vision.
[09/10/2015 04:59:53] - [ERROR] - Posicion (40,27) excede matriz de vision.
[09/10/2015 04:59:53] - [ERROR] - Posicion (40,25) excede matriz de vision.
[09/10/2015 04:59:53] - [ERROR] - Posicion (40,26) excede matriz de vision.
[09/10/2015 04:59:53] - [ERROR] - Posicion (40,27) excede matriz de vision.
[09/10/2015 04:59:53] - [ERROR] - Posicion (40,25) excede matriz de vision.
[09/10/2015 04:59:53] - [ERROR] - Posicion (40,26) excede matriz de vision.
[09/10/2015 04:59:53] - [ERROR] - Posicion (40,27) excede matriz de vision.
[09/10/2015 04:59:53] - [ERROR] - Posicion (40,25) excede matriz de vision.
[09/10/2015 04:59:53] - [ERROR] - Posicion (40,26) excede matriz de vision.
[09/10/2015 04:59:53] - [ERROR] - Posicion (40,27) excede matriz de vision.
[09/10/2015 04:59:53] - [ERROR] - Posicion (40,25) excede matriz de vision.
[09/10/2015 04:59:53] - [ERROR] - Posicion (40,26) excede matriz de vision.
[09/10/2015 04:59:53] - [ERROR] - Posicion (40,27) excede matriz de vision.
[09/10/2015 04:59:53] - [ERROR] - Posicion (40,26) excede matriz de vision.
[09/10/2015 04:59:53] - [ERROR] - Posicion (40,26) excede matriz de vision.
[09/10/2015 04:59:53] - [ERROR] - Posicion (40,25) excede matriz de vision.
[09/10/2015 04:59:53] - [ERROR] - Posicion (40,25) excede matriz de vision.
[09/10/2015 04:59:53] - [ERROR] - Posicion (40,25) excede matriz de vision.
[09/10/2015 04:59:53] - [ERROR] - Posicion (40,25) excede matriz de vision.
[09/10/2015 04:59:53] - [ERROR] - Posicion (40,25) excede matriz de vision.
[09/10/2015 05:00:22] - [ALLWAYS] - ----INICIANDO----
[09/10/2015 05:00:23] - [WARNING] - yaml-cpp: error at line 22, column 5: key not found: pixelX
[09/10/2015 05:00:23] - [WARNING] - yaml-cpp: error at line 22, column 5: key not found: pixelY
[09/10/2015 05:32:25] - [ALLWAYS] - ----INICIANDO----
[09/10/2015 05:32:25] - [WARNING] - yaml-cpp: error at line 22, column 5: key not found: pixelX
[09/10/2015 05:32:25] - [WARNING] - yaml-cpp: error at line 22, column 5: key not found: pixelY
