[08/11/2015 08:49:32] - [WARNING] - Se leyó un número negativo al parsear [tipoR]. Se tomará el vlaor por defecto
[08/11/2015 08:49:32] - [WARNING] - Rango visión inválido en la entidad [moneda]. Se utiliza valor por defecto.
[08/11/2015 08:49:32] - [WARNING] - Rango visión inválido en la entidad [castle]. Se utiliza valor por defecto.
[08/11/2015 08:49:32] - [WARNING] - Rango visión inválido en la entidad [house]. Se utiliza valor por defecto.
[08/11/2015 08:49:32] - [WARNING] - Rango visión inválido en la entidad [windmill]. Se utiliza valor por defecto.
[08/11/2015 08:49:32] - [WARNING] - Rango visión inválido en la entidad [town_center]. Se utiliza valor por defecto.
[08/11/2015 08:49:32] - [WARNING] - Rango visión inválido en la entidad [barracks]. Se utiliza valor por defecto.
[08/11/2015 08:49:32] - [WARNING] - Rango visión inválido en la entidad [archery]. Se utiliza valor por defecto.
[08/11/2015 08:49:32] - [WARNING] - Rango visión inválido en la entidad [stable]. Se utiliza valor por defecto.
[08/11/2015 08:49:48] - [WARNING] - Se leyó un número negativo al parsear [tipoR]. Se tomará el vlaor por defecto
[08/11/2015 08:49:48] - [WARNING] - Rango visión inválido en la entidad [moneda]. Se utiliza valor por defecto.
[08/11/2015 08:49:48] - [WARNING] - Rango visión inválido en la entidad [castle]. Se utiliza valor por defecto.
[08/11/2015 08:49:48] - [WARNING] - Rango visión inválido en la entidad [house]. Se utiliza valor por defecto.
[08/11/2015 08:49:48] - [WARNING] - Rango visión inválido en la entidad [windmill]. Se utiliza valor por defecto.
[08/11/2015 08:49:48] - [WARNING] - Rango visión inválido en la entidad [town_center]. Se utiliza valor por defecto.
[08/11/2015 08:49:48] - [WARNING] - Rango visión inválido en la entidad [barracks]. Se utiliza valor por defecto.
[08/11/2015 08:49:48] - [WARNING] - Rango visión inválido en la entidad [archery]. Se utiliza valor por defecto.
[08/11/2015 08:49:48] - [WARNING] - Rango visión inválido en la entidad [stable]. Se utiliza valor por defecto.
[08/11/2015 08:50:37] - [WARNING] - Se leyó un número negativo al parsear [tipoR]. Se tomará el vlaor por defecto
[08/11/2015 08:50:38] - [WARNING] - Rango visión inválido en la entidad [moneda]. Se utiliza valor por defecto.
[08/11/2015 08:50:38] - [WARNING] - Rango visión inválido en la entidad [castle]. Se utiliza valor por defecto.
[08/11/2015 08:50:38] - [WARNING] - Rango visión inválido en la entidad [house]. Se utiliza valor por defecto.
[08/11/2015 08:50:38] - [WARNING] - Rango visión inválido en la entidad [windmill]. Se utiliza valor por defecto.
[08/11/2015 08:50:38] - [WARNING] - Rango visión inválido en la entidad [town_center]. Se utiliza valor por defecto.
[08/11/2015 08:50:38] - [WARNING] - Rango visión inválido en la entidad [barracks]. Se utiliza valor por defecto.
[08/11/2015 08:50:38] - [WARNING] - Rango visión inválido en la entidad [archery]. Se utiliza valor por defecto.
[08/11/2015 08:50:38] - [WARNING] - Rango visión inválido en la entidad [stable]. Se utiliza valor por defecto.
[08/11/2015 08:51:26] - [WARNING] - Se leyó un número negativo al parsear [tipoR]. Se tomará el vlaor por defecto
[08/11/2015 08:51:26] - [WARNING] - Rango visión inválido en la entidad [moneda]. Se utiliza valor por defecto.
[08/11/2015 08:51:26] - [WARNING] - Rango visión inválido en la entidad [castle]. Se utiliza valor por defecto.
[08/11/2015 08:51:26] - [WARNING] - Rango visión inválido en la entidad [house]. Se utiliza valor por defecto.
[08/11/2015 08:51:26] - [WARNING] - Rango visión inválido en la entidad [windmill]. Se utiliza valor por defecto.
[08/11/2015 08:51:26] - [WARNING] - Rango visión inválido en la entidad [town_center]. Se utiliza valor por defecto.
[08/11/2015 08:51:26] - [WARNING] - Rango visión inválido en la entidad [barracks]. Se utiliza valor por defecto.
[08/11/2015 08:51:26] - [WARNING] - Rango visión inválido en la entidad [archery]. Se utiliza valor por defecto.
[08/11/2015 08:51:26] - [WARNING] - Rango visión inválido en la entidad [stable]. Se utiliza valor por defecto.
[08/11/2015 08:52:06] - [WARNING] - Se leyó un número negativo al parsear [tipoR]. Se tomará el vlaor por defecto
[08/11/2015 08:52:07] - [WARNING] - Rango visión inválido en la entidad [moneda]. Se utiliza valor por defecto.
[08/11/2015 08:52:07] - [WARNING] - Rango visión inválido en la entidad [castle]. Se utiliza valor por defecto.
[08/11/2015 08:52:07] - [WARNING] - Rango visión inválido en la entidad [house]. Se utiliza valor por defecto.
[08/11/2015 08:52:07] - [WARNING] - Rango visión inválido en la entidad [windmill]. Se utiliza valor por defecto.
[08/11/2015 08:52:07] - [WARNING] - Rango visión inválido en la entidad [town_center]. Se utiliza valor por defecto.
[08/11/2015 08:52:07] - [WARNING] - Rango visión inválido en la entidad [barracks]. Se utiliza valor por defecto.
[08/11/2015 08:52:07] - [WARNING] - Rango visión inválido en la entidad [archery]. Se utiliza valor por defecto.
[08/11/2015 08:52:07] - [WARNING] - Rango visión inválido en la entidad [stable]. Se utiliza valor por defecto.
[08/11/2015 08:52:22] - [WARNING] - Se leyó un número negativo al parsear [tipoR]. Se tomará el vlaor por defecto
[08/11/2015 08:52:22] - [WARNING] - Rango visión inválido en la entidad [moneda]. Se utiliza valor por defecto.
[08/11/2015 08:52:22] - [WARNING] - Rango visión inválido en la entidad [castle]. Se utiliza valor por defecto.
[08/11/2015 08:52:22] - [WARNING] - Rango visión inválido en la entidad [house]. Se utiliza valor por defecto.
[08/11/2015 08:52:22] - [WARNING] - Rango visión inválido en la entidad [windmill]. Se utiliza valor por defecto.
[08/11/2015 08:52:22] - [WARNING] - Rango visión inválido en la entidad [town_center]. Se utiliza valor por defecto.
[08/11/2015 08:52:22] - [WARNING] - Rango visión inválido en la entidad [barracks]. Se utiliza valor por defecto.
[08/11/2015 08:52:22] - [WARNING] - Rango visión inválido en la entidad [archery]. Se utiliza valor por defecto.
[08/11/2015 08:52:22] - [WARNING] - Rango visión inválido en la entidad [stable]. Se utiliza valor por defecto.
[08/11/2015 08:55:37] - [WARNING] - Se leyó un número negativo al parsear [tipoR]. Se tomará el vlaor por defecto
[08/11/2015 08:55:37] - [WARNING] - Rango visión inválido en la entidad [moneda]. Se utiliza valor por defecto.
[08/11/2015 08:55:37] - [WARNING] - Rango visión inválido en la entidad [castle]. Se utiliza valor por defecto.
[08/11/2015 08:55:37] - [WARNING] - Rango visión inválido en la entidad [house]. Se utiliza valor por defecto.
[08/11/2015 08:55:37] - [WARNING] - Rango visión inválido en la entidad [windmill]. Se utiliza valor por defecto.
[08/11/2015 08:55:37] - [WARNING] - Rango visión inválido en la entidad [town_center]. Se utiliza valor por defecto.
[08/11/2015 08:55:37] - [WARNING] - Rango visión inválido en la entidad [barracks]. Se utiliza valor por defecto.
[08/11/2015 08:55:37] - [WARNING] - Rango visión inválido en la entidad [archery]. Se utiliza valor por defecto.
[08/11/2015 08:55:37] - [WARNING] - Rango visión inválido en la entidad [stable]. Se utiliza valor por defecto.
[08/11/2015 09:02:57] - [WARNING] - Se leyó un número negativo al parsear [tipoR]. Se tomará el vlaor por defecto
[08/11/2015 09:02:58] - [WARNING] - Rango visión inválido en la entidad [moneda]. Se utiliza valor por defecto.
[08/11/2015 09:02:58] - [WARNING] - Rango visión inválido en la entidad [castle]. Se utiliza valor por defecto.
[08/11/2015 09:02:58] - [WARNING] - Rango visión inválido en la entidad [house]. Se utiliza valor por defecto.
[08/11/2015 09:02:58] - [WARNING] - Rango visión inválido en la entidad [windmill]. Se utiliza valor por defecto.
[08/11/2015 09:02:58] - [WARNING] - Rango visión inválido en la entidad [town_center]. Se utiliza valor por defecto.
[08/11/2015 09:02:58] - [WARNING] - Rango visión inválido en la entidad [barracks]. Se utiliza valor por defecto.
[08/11/2015 09:02:58] - [WARNING] - Rango visión inválido en la entidad [archery]. Se utiliza valor por defecto.
[08/11/2015 09:02:58] - [WARNING] - Rango visión inválido en la entidad [stable]. Se utiliza valor por defecto.
[08/11/2015 09:03:21] - [WARNING] - Se leyó un número negativo al parsear [tipoR]. Se tomará el vlaor por defecto
[08/11/2015 09:03:21] - [WARNING] - Rango visión inválido en la entidad [moneda]. Se utiliza valor por defecto.
[08/11/2015 09:03:21] - [WARNING] - Rango visión inválido en la entidad [castle]. Se utiliza valor por defecto.
[08/11/2015 09:03:21] - [WARNING] - Rango visión inválido en la entidad [house]. Se utiliza valor por defecto.
[08/11/2015 09:03:21] - [WARNING] - Rango visión inválido en la entidad [windmill]. Se utiliza valor por defecto.
[08/11/2015 09:03:21] - [WARNING] - Rango visión inválido en la entidad [town_center]. Se utiliza valor por defecto.
[08/11/2015 09:03:21] - [WARNING] - Rango visión inválido en la entidad [barracks]. Se utiliza valor por defecto.
[08/11/2015 09:03:21] - [WARNING] - Rango visión inválido en la entidad [archery]. Se utiliza valor por defecto.
[08/11/2015 09:03:21] - [WARNING] - Rango visión inválido en la entidad [stable]. Se utiliza valor por defecto.
[08/11/2015 09:03:48] - [WARNING] - Se leyó un número negativo al parsear [tipoR]. Se tomará el vlaor por defecto
[08/11/2015 09:03:48] - [WARNING] - Rango visión inválido en la entidad [moneda]. Se utiliza valor por defecto.
[08/11/2015 09:03:48] - [WARNING] - Rango visión inválido en la entidad [castle]. Se utiliza valor por defecto.
[08/11/2015 09:03:48] - [WARNING] - Rango visión inválido en la entidad [house]. Se utiliza valor por defecto.
[08/11/2015 09:03:48] - [WARNING] - Rango visión inválido en la entidad [windmill]. Se utiliza valor por defecto.
[08/11/2015 09:03:48] - [WARNING] - Rango visión inválido en la entidad [town_center]. Se utiliza valor por defecto.
[08/11/2015 09:03:48] - [WARNING] - Rango visión inválido en la entidad [barracks]. Se utiliza valor por defecto.
[08/11/2015 09:03:48] - [WARNING] - Rango visión inválido en la entidad [archery]. Se utiliza valor por defecto.
[08/11/2015 09:03:48] - [WARNING] - Rango visión inválido en la entidad [stable]. Se utiliza valor por defecto.
[08/11/2015 09:05:19] - [WARNING] - Se leyó un número negativo al parsear [tipoR]. Se tomará el vlaor por defecto
[08/11/2015 09:05:19] - [WARNING] - Rango visión inválido en la entidad [moneda]. Se utiliza valor por defecto.
[08/11/2015 09:05:19] - [WARNING] - Rango visión inválido en la entidad [castle]. Se utiliza valor por defecto.
[08/11/2015 09:05:19] - [WARNING] - Rango visión inválido en la entidad [house]. Se utiliza valor por defecto.
[08/11/2015 09:05:19] - [WARNING] - Rango visión inválido en la entidad [windmill]. Se utiliza valor por defecto.
[08/11/2015 09:05:19] - [WARNING] - Rango visión inválido en la entidad [town_center]. Se utiliza valor por defecto.
[08/11/2015 09:05:19] - [WARNING] - Rango visión inválido en la entidad [barracks]. Se utiliza valor por defecto.
[08/11/2015 09:05:19] - [WARNING] - Rango visión inválido en la entidad [archery]. Se utiliza valor por defecto.
[08/11/2015 09:05:19] - [WARNING] - Rango visión inválido en la entidad [stable]. Se utiliza valor por defecto.
[08/11/2015 09:26:07] - [WARNING] - Se leyó un número negativo al parsear [tipoR]. Se tomará el vlaor por defecto
[08/11/2015 09:26:07] - [WARNING] - Rango visión inválido en la entidad [moneda]. Se utiliza valor por defecto.
[08/11/2015 09:26:07] - [WARNING] - Rango visión inválido en la entidad [castle]. Se utiliza valor por defecto.
[08/11/2015 09:26:07] - [WARNING] - Rango visión inválido en la entidad [house]. Se utiliza valor por defecto.
[08/11/2015 09:26:07] - [WARNING] - Rango visión inválido en la entidad [windmill]. Se utiliza valor por defecto.
[08/11/2015 09:26:07] - [WARNING] - Rango visión inválido en la entidad [town_center]. Se utiliza valor por defecto.
[08/11/2015 09:26:07] - [WARNING] - Rango visión inválido en la entidad [barracks]. Se utiliza valor por defecto.
[08/11/2015 09:26:07] - [WARNING] - Rango visión inválido en la entidad [archery]. Se utiliza valor por defecto.
[08/11/2015 09:26:07] - [WARNING] - Rango visión inválido en la entidad [stable]. Se utiliza valor por defecto.
[08/11/2015 09:29:45] - [WARNING] - Se leyó un número negativo al parsear [tipoR]. Se tomará el vlaor por defecto
[08/11/2015 09:29:46] - [WARNING] - Rango visión inválido en la entidad [moneda]. Se utiliza valor por defecto.
[08/11/2015 09:29:46] - [WARNING] - Rango visión inválido en la entidad [castle]. Se utiliza valor por defecto.
[08/11/2015 09:29:46] - [WARNING] - Rango visión inválido en la entidad [house]. Se utiliza valor por defecto.
[08/11/2015 09:29:46] - [WARNING] - Rango visión inválido en la entidad [windmill]. Se utiliza valor por defecto.
[08/11/2015 09:29:46] - [WARNING] - Rango visión inválido en la entidad [town_center]. Se utiliza valor por defecto.
[08/11/2015 09:29:46] - [WARNING] - Rango visión inválido en la entidad [barracks]. Se utiliza valor por defecto.
[08/11/2015 09:29:46] - [WARNING] - Rango visión inválido en la entidad [archery]. Se utiliza valor por defecto.
[08/11/2015 09:29:46] - [WARNING] - Rango visión inválido en la entidad [stable]. Se utiliza valor por defecto.
